{"/Users/luyandy/Documents/performance-monitor-frontend/components/alerts/alerts-view.tsx": {"path":"/Users/luyandy/Documents/performance-monitor-frontend/components/alerts/alerts-view.tsx","statementMap":{"0":{"start":{"line":31,"column":16},"end":{"line":31,"column":null}},"1":{"start":{"line":3,"column":34},"end":{"line":3,"column":null}},"2":{"start":{"line":4,"column":42},"end":{"line":4,"column":null}},"3":{"start":{"line":5,"column":30},"end":{"line":5,"column":null}},"4":{"start":{"line":6,"column":30},"end":{"line":6,"column":null}},"5":{"start":{"line":7,"column":23},"end":{"line":7,"column":null}},"6":{"start":{"line":8,"column":34},"end":{"line":8,"column":null}},"7":{"start":{"line":9,"column":22},"end":{"line":9,"column":null}},"8":{"start":{"line":10,"column":22},"end":{"line":10,"column":null}},"9":{"start":{"line":17,"column":7},"end":{"line":17,"column":null}},"10":{"start":{"line":18,"column":25},"end":{"line":18,"column":null}},"11":{"start":{"line":26,"column":7},"end":{"line":26,"column":null}},"12":{"start":{"line":27,"column":41},"end":{"line":27,"column":null}},"13":{"start":{"line":28,"column":27},"end":{"line":28,"column":null}},"14":{"start":{"line":29,"column":24},"end":{"line":29,"column":null}},"15":{"start":{"line":32,"column":19},"end":{"line":32,"column":null}},"16":{"start":{"line":33,"column":30},"end":{"line":33,"column":null}},"17":{"start":{"line":34,"column":21},"end":{"line":34,"column":null}},"18":{"start":{"line":36,"column":34},"end":{"line":36,"column":null}},"19":{"start":{"line":37,"column":34},"end":{"line":37,"column":null}},"20":{"start":{"line":38,"column":26},"end":{"line":38,"column":null}},"21":{"start":{"line":39,"column":22},"end":{"line":39,"column":null}},"22":{"start":{"line":40,"column":34},"end":{"line":40,"column":null}},"23":{"start":{"line":41,"column":26},"end":{"line":41,"column":null}},"24":{"start":{"line":43,"column":17},"end":{"line":43,"column":33}},"25":{"start":{"line":44,"column":23},"end":{"line":44,"column":50}},"26":{"start":{"line":47,"column":24},"end":{"line":55,"column":null}},"27":{"start":{"line":48,"column":42},"end":{"line":50,"column":null}},"28":{"start":{"line":51,"column":4},"end":{"line":53,"column":null}},"29":{"start":{"line":52,"column":6},"end":{"line":52,"column":28}},"30":{"start":{"line":54,"column":4},"end":{"line":54,"column":null}},"31":{"start":{"line":58,"column":24},"end":{"line":63,"column":null}},"32":{"start":{"line":65,"column":19},"end":{"line":76,"column":null}},"33":{"start":{"line":66,"column":21},"end":{"line":66,"column":null}},"34":{"start":{"line":67,"column":19},"end":{"line":67,"column":null}},"35":{"start":{"line":68,"column":4},"end":{"line":75,"column":null}},"36":{"start":{"line":69,"column":16},"end":{"line":69,"column":null}},"37":{"start":{"line":70,"column":28},"end":{"line":70,"column":null}},"38":{"start":{"line":71,"column":28},"end":{"line":71,"column":null}},"39":{"start":{"line":72,"column":24},"end":{"line":72,"column":null}},"40":{"start":{"line":73,"column":22},"end":{"line":73,"column":null}},"41":{"start":{"line":74,"column":6},"end":{"line":74,"column":null}},"42":{"start":{"line":78,"column":21},"end":{"line":78,"column":null}},"43":{"start":{"line":79,"column":19},"end":{"line":79,"column":null}},"44":{"start":{"line":80,"column":21},"end":{"line":82,"column":null}},"45":{"start":{"line":86,"column":4},"end":{"line":89,"column":null}},"46":{"start":{"line":87,"column":6},"end":{"line":87,"column":null}},"47":{"start":{"line":88,"column":6},"end":{"line":88,"column":null}},"48":{"start":{"line":93,"column":22},"end":{"line":96,"column":null}},"49":{"start":{"line":96,"column":7},"end":{"line":96,"column":null}},"50":{"start":{"line":96,"column":50},"end":{"line":96,"column":null}},"51":{"start":{"line":116,"column":46},"end":{"line":116,"column":null}},"52":{"start":{"line":124,"column":18},"end":{"line":124,"column":41}},"53":{"start":{"line":138,"column":46},"end":{"line":138,"column":null}},"54":{"start":{"line":159,"column":31},"end":{"line":159,"column":null}},"55":{"start":{"line":170,"column":31},"end":{"line":170,"column":null}},"56":{"start":{"line":179,"column":12},"end":{"line":179,"column":30}},"57":{"start":{"line":207,"column":18},"end":{"line":207,"column":null}},"58":{"start":{"line":233,"column":18},"end":{"line":233,"column":null}},"59":{"start":{"line":234,"column":18},"end":{"line":234,"column":null}},"60":{"start":{"line":262,"column":33},"end":{"line":262,"column":null}},"61":{"start":{"line":262,"column":48},"end":{"line":262,"column":null}},"62":{"start":{"line":272,"column":20},"end":{"line":272,"column":null}},"63":{"start":{"line":272,"column":35},"end":{"line":272,"column":null}}},"fnMap":{"0":{"name":"AlertsView","decl":{"start":{"line":31,"column":16},"end":{"line":31,"column":null}},"loc":{"start":{"line":31,"column":16},"end":{"line":284,"column":null}}},"1":{"name":"(anonymous_2)","decl":{"start":{"line":47,"column":32},"end":{"line":47,"column":null}},"loc":{"start":{"line":47,"column":32},"end":{"line":55,"column":5}}},"2":{"name":"(anonymous_3)","decl":{"start":{"line":51,"column":25},"end":{"line":51,"column":26}},"loc":{"start":{"line":51,"column":26},"end":{"line":53,"column":null}}},"3":{"name":"(anonymous_4)","decl":{"start":{"line":65,"column":27},"end":{"line":65,"column":null}},"loc":{"start":{"line":65,"column":27},"end":{"line":76,"column":5}}},"4":{"name":"(anonymous_5)","decl":{"start":{"line":68,"column":25},"end":{"line":68,"column":26}},"loc":{"start":{"line":68,"column":26},"end":{"line":75,"column":null}}},"5":{"name":"resetPage","decl":{"start":{"line":85,"column":11},"end":{"line":85,"column":24}},"loc":{"start":{"line":85,"column":46},"end":{"line":90,"column":null}}},"6":{"name":"(anonymous_7)","decl":{"start":{"line":86,"column":11},"end":{"line":86,"column":12}},"loc":{"start":{"line":86,"column":12},"end":{"line":89,"column":null}}},"7":{"name":"(anonymous_8)","decl":{"start":{"line":93,"column":22},"end":{"line":93,"column":null}},"loc":{"start":{"line":96,"column":7},"end":{"line":96,"column":null}}},"8":{"name":"(anonymous_9)","decl":{"start":{"line":96,"column":38},"end":{"line":96,"column":39}},"loc":{"start":{"line":96,"column":50},"end":{"line":96,"column":null}}},"9":{"name":"(anonymous_10)","decl":{"start":{"line":116,"column":39},"end":{"line":116,"column":40}},"loc":{"start":{"line":116,"column":46},"end":{"line":116,"column":null}}},"10":{"name":"(anonymous_11)","decl":{"start":{"line":123,"column":34},"end":{"line":123,"column":35}},"loc":{"start":{"line":124,"column":18},"end":{"line":124,"column":41}}},"11":{"name":"(anonymous_12)","decl":{"start":{"line":138,"column":39},"end":{"line":138,"column":40}},"loc":{"start":{"line":138,"column":46},"end":{"line":138,"column":null}}},"12":{"name":"(anonymous_13)","decl":{"start":{"line":159,"column":24},"end":{"line":159,"column":25}},"loc":{"start":{"line":159,"column":31},"end":{"line":159,"column":null}}},"13":{"name":"(anonymous_14)","decl":{"start":{"line":170,"column":24},"end":{"line":170,"column":25}},"loc":{"start":{"line":170,"column":31},"end":{"line":170,"column":null}}},"14":{"name":"(anonymous_15)","decl":{"start":{"line":178,"column":41},"end":{"line":178,"column":42}},"loc":{"start":{"line":179,"column":12},"end":{"line":179,"column":30}}},"15":{"name":"(anonymous_16)","decl":{"start":{"line":206,"column":32},"end":{"line":206,"column":33}},"loc":{"start":{"line":207,"column":18},"end":{"line":207,"column":null}}},"16":{"name":"(anonymous_17)","decl":{"start":{"line":232,"column":31},"end":{"line":232,"column":32}},"loc":{"start":{"line":232,"column":32},"end":{"line":235,"column":null}}},"17":{"name":"(anonymous_18)","decl":{"start":{"line":262,"column":27},"end":{"line":262,"column":33}},"loc":{"start":{"line":262,"column":33},"end":{"line":262,"column":null}}},"18":{"name":"(anonymous_19)","decl":{"start":{"line":262,"column":41},"end":{"line":262,"column":42}},"loc":{"start":{"line":262,"column":48},"end":{"line":262,"column":null}}},"19":{"name":"(anonymous_20)","decl":{"start":{"line":271,"column":27},"end":{"line":271,"column":null}},"loc":{"start":{"line":272,"column":20},"end":{"line":272,"column":null}}},"20":{"name":"(anonymous_21)","decl":{"start":{"line":272,"column":28},"end":{"line":272,"column":29}},"loc":{"start":{"line":272,"column":35},"end":{"line":272,"column":null}}}},"branchMap":{"0":{"loc":{"start":{"line":43,"column":17},"end":{"line":43,"column":33}},"type":"binary-expr","locations":[{"start":{"line":43,"column":17},"end":{"line":43,"column":31}},{"start":{"line":43,"column":31},"end":{"line":43,"column":33}}]},"1":{"loc":{"start":{"line":44,"column":23},"end":{"line":44,"column":50}},"type":"binary-expr","locations":[{"start":{"line":44,"column":23},"end":{"line":44,"column":48}},{"start":{"line":44,"column":48},"end":{"line":44,"column":50}}]},"2":{"loc":{"start":{"line":66,"column":21},"end":{"line":66,"column":null}},"type":"cond-expr","locations":[{"start":{"line":66,"column":28},"end":{"line":66,"column":55}},{"start":{"line":66,"column":55},"end":{"line":66,"column":null}}]},"3":{"loc":{"start":{"line":67,"column":19},"end":{"line":67,"column":null}},"type":"cond-expr","locations":[{"start":{"line":67,"column":24},"end":{"line":67,"column":62}},{"start":{"line":67,"column":62},"end":{"line":67,"column":null}}]},"4":{"loc":{"start":{"line":70,"column":28},"end":{"line":70,"column":null}},"type":"binary-expr","locations":[{"start":{"line":70,"column":28},"end":{"line":70,"column":50}},{"start":{"line":70,"column":50},"end":{"line":70,"column":null}}]},"5":{"loc":{"start":{"line":71,"column":28},"end":{"line":71,"column":null}},"type":"binary-expr","locations":[{"start":{"line":71,"column":28},"end":{"line":71,"column":50}},{"start":{"line":71,"column":50},"end":{"line":71,"column":null}}]},"6":{"loc":{"start":{"line":72,"column":24},"end":{"line":72,"column":null}},"type":"binary-expr","locations":[{"start":{"line":72,"column":24},"end":{"line":72,"column":44}},{"start":{"line":72,"column":44},"end":{"line":72,"column":null}}]},"7":{"loc":{"start":{"line":73,"column":22},"end":{"line":73,"column":null}},"type":"binary-expr","locations":[{"start":{"line":73,"column":22},"end":{"line":73,"column":40}},{"start":{"line":73,"column":40},"end":{"line":73,"column":null}}]},"8":{"loc":{"start":{"line":74,"column":13},"end":{"line":74,"column":null}},"type":"binary-expr","locations":[{"start":{"line":74,"column":13},"end":{"line":74,"column":30}},{"start":{"line":74,"column":30},"end":{"line":74,"column":47}},{"start":{"line":74,"column":47},"end":{"line":74,"column":60}},{"start":{"line":74,"column":60},"end":{"line":74,"column":null}}]},"9":{"loc":{"start":{"line":96,"column":57},"end":{"line":96,"column":null}},"type":"binary-expr","locations":[{"start":{"line":96,"column":57},"end":{"line":96,"column":68}},{"start":{"line":96,"column":72},"end":{"line":96,"column":null}}]},"10":{"loc":{"start":{"line":105,"column":7},"end":{"line":105,"column":null}},"type":"binary-expr","locations":[{"start":{"line":105,"column":7},"end":{"line":105,"column":27}},{"start":{"line":105,"column":27},"end":{"line":105,"column":null}}]},"11":{"loc":{"start":{"line":177,"column":8},"end":{"line":182,"column":19}},"type":"cond-expr","locations":[{"start":{"line":177,"column":8},"end":{"line":182,"column":19}}]},"12":{"loc":{"start":{"line":183,"column":8},"end":{"line":187,"column":null}},"type":"cond-expr","locations":[{"start":{"line":183,"column":8},"end":{"line":187,"column":null}}]},"13":{"loc":{"start":{"line":210,"column":23},"end":{"line":210,"column":null}},"type":"binary-expr","locations":[{"start":{"line":210,"column":23},"end":{"line":210,"column":32}},{"start":{"line":210,"column":36},"end":{"line":210,"column":null}}]},"14":{"loc":{"start":{"line":213,"column":23},"end":{"line":213,"column":55}},"type":"binary-expr","locations":[{"start":{"line":213,"column":23},"end":{"line":213,"column":38}},{"start":{"line":213,"column":42},"end":{"line":213,"column":55}}]}},"s":{"0":1,"1":1,"2":1,"3":1,"4":1,"5":1,"6":1,"7":1,"8":1,"9":1,"10":1,"11":1,"12":1,"13":1,"14":1,"15":1,"16":1,"17":1,"18":1,"19":1,"20":1,"21":1,"22":1,"23":1,"24":1,"25":1,"26":1,"27":1,"28":1,"29":1,"30":1,"31":1,"32":1,"33":1,"34":1,"35":1,"36":0,"37":0,"38":0,"39":0,"40":0,"41":0,"42":1,"43":1,"44":1,"45":2,"46":0,"47":0,"48":1,"49":0,"50":0,"51":0,"52":1,"53":0,"54":0,"55":0,"56":6,"57":0,"58":0,"59":0,"60":0,"61":0,"62":0,"63":0},"f":{"0":1,"1":1,"2":1,"3":1,"4":0,"5":2,"6":0,"7":0,"8":0,"9":0,"10":1,"11":0,"12":0,"13":0,"14":6,"15":0,"16":0,"17":0,"18":0,"19":0,"20":0},"b":{"0":[1,1],"1":[1,0],"2":[0,1],"3":[0,1],"4":[0,0],"5":[0,0],"6":[0,0],"7":[0,0],"8":[0,0,0,0],"9":[0,0],"10":[1,0],"11":[1],"12":[0],"13":[0,0],"14":[0,0]}}
,"/Users/luyandy/Documents/performance-monitor-frontend/components/layout/header.tsx": {"path":"/Users/luyandy/Documents/performance-monitor-frontend/components/layout/header.tsx","statementMap":{"0":{"start":{"line":23,"column":16},"end":{"line":23,"column":null}},"1":{"start":{"line":3,"column":21},"end":{"line":3,"column":null}},"2":{"start":{"line":4,"column":28},"end":{"line":4,"column":null}},"3":{"start":{"line":5,"column":39},"end":{"line":5,"column":null}},"4":{"start":{"line":6,"column":23},"end":{"line":6,"column":null}},"5":{"start":{"line":7,"column":62},"end":{"line":7,"column":null}},"6":{"start":{"line":8,"column":24},"end":{"line":8,"column":null}},"7":{"start":{"line":9,"column":33},"end":{"line":9,"column":null}},"8":{"start":{"line":10,"column":25},"end":{"line":10,"column":null}},"9":{"start":{"line":11,"column":27},"end":{"line":11,"column":null}},"10":{"start":{"line":14,"column":19},"end":{"line":14,"column":null}},"11":{"start":{"line":15,"column":19},"end":{"line":15,"column":null}},"12":{"start":{"line":16,"column":2},"end":{"line":16,"column":null}},"13":{"start":{"line":16,"column":43},"end":{"line":16,"column":null}},"14":{"start":{"line":17,"column":16},"end":{"line":18,"column":null}},"15":{"start":{"line":18,"column":4},"end":{"line":18,"column":null}},"16":{"start":{"line":20,"column":2},"end":{"line":20,"column":null}},"17":{"start":{"line":24,"column":19},"end":{"line":24,"column":null}},"18":{"start":{"line":25,"column":16},"end":{"line":25,"column":null}}},"fnMap":{"0":{"name":"useTitle","decl":{"start":{"line":13,"column":9},"end":{"line":13,"column":null}},"loc":{"start":{"line":13,"column":9},"end":{"line":21,"column":null}}},"1":{"name":"(anonymous_2)","decl":{"start":{"line":17,"column":30},"end":{"line":17,"column":31}},"loc":{"start":{"line":18,"column":4},"end":{"line":18,"column":null}}},"2":{"name":"Header","decl":{"start":{"line":23,"column":16},"end":{"line":23,"column":null}},"loc":{"start":{"line":23,"column":16},"end":{"line":59,"column":null}}}},"branchMap":{"0":{"loc":{"start":{"line":16,"column":2},"end":{"line":16,"column":null}},"type":"if","locations":[{"start":{"line":16,"column":2},"end":{"line":16,"column":null}},{"start":{},"end":{}}]},"1":{"loc":{"start":{"line":18,"column":4},"end":{"line":18,"column":null}},"type":"cond-expr","locations":[{"start":{"line":18,"column":21},"end":{"line":18,"column":40}},{"start":{"line":18,"column":40},"end":{"line":18,"column":null}}]},"2":{"loc":{"start":{"line":20,"column":9},"end":{"line":20,"column":63}},"type":"cond-expr","locations":[{"start":{"line":20,"column":17},"end":{"line":20,"column":41}},{"start":{"line":20,"column":44},"end":{"line":20,"column":63}}]}},"s":{"0":1,"1":1,"2":1,"3":1,"4":1,"5":1,"6":1,"7":1,"8":1,"9":1,"10":1,"11":1,"12":1,"13":0,"14":1,"15":1,"16":1,"17":1,"18":1},"f":{"0":1,"1":1,"2":1},"b":{"0":[0,1],"1":[1,0],"2":[1,0]}}
,"/Users/luyandy/Documents/performance-monitor-frontend/components/layout/language-selector.tsx": {"path":"/Users/luyandy/Documents/performance-monitor-frontend/components/layout/language-selector.tsx","statementMap":{"0":{"start":{"line":18,"column":16},"end":{"line":18,"column":null}},"1":{"start":{"line":3,"column":29},"end":{"line":3,"column":null}},"2":{"start":{"line":4,"column":23},"end":{"line":4,"column":null}},"3":{"start":{"line":13,"column":7},"end":{"line":13,"column":null}},"4":{"start":{"line":14,"column":37},"end":{"line":14,"column":null}},"5":{"start":{"line":15,"column":24},"end":{"line":15,"column":null}},"6":{"start":{"line":16,"column":19},"end":{"line":16,"column":null}},"7":{"start":{"line":19,"column":38},"end":{"line":19,"column":null}},"8":{"start":{"line":44,"column":12},"end":{"line":45,"column":null}},"9":{"start":{"line":46,"column":29},"end":{"line":46,"column":null}}},"fnMap":{"0":{"name":"LanguageSelector","decl":{"start":{"line":18,"column":16},"end":{"line":18,"column":null}},"loc":{"start":{"line":18,"column":16},"end":{"line":62,"column":null}}},"1":{"name":"(anonymous_2)","decl":{"start":{"line":43,"column":23},"end":{"line":43,"column":24}},"loc":{"start":{"line":44,"column":12},"end":{"line":45,"column":null}}},"2":{"name":"(anonymous_3)","decl":{"start":{"line":46,"column":23},"end":{"line":46,"column":29}},"loc":{"start":{"line":46,"column":29},"end":{"line":46,"column":null}}}},"branchMap":{"0":{"loc":{"start":{"line":53,"column":18},"end":{"line":53,"column":null}},"type":"cond-expr","locations":[{"start":{"line":53,"column":36},"end":{"line":53,"column":52}},{"start":{"line":53,"column":52},"end":{"line":53,"column":null}}]}},"s":{"0":1,"1":1,"2":1,"3":1,"4":1,"5":1,"6":1,"7":1,"8":2,"9":0},"f":{"0":1,"1":2,"2":0},"b":{"0":[1,1]}}
,"/Users/luyandy/Documents/performance-monitor-frontend/components/layout/nav-items.ts": {"path":"/Users/luyandy/Documents/performance-monitor-frontend/components/layout/nav-items.ts","statementMap":{"0":{"start":{"line":29,"column":13},"end":{"line":29,"column":25}},"1":{"start":{"line":20,"column":13},"end":{"line":20,"column":35}},"2":{"start":{"line":9,"column":7},"end":{"line":9,"column":null}},"3":{"start":{"line":20,"column":35},"end":{"line":27,"column":null}},"4":{"start":{"line":29,"column":25},"end":{"line":29,"column":33}}},"fnMap":{},"branchMap":{},"s":{"0":2,"1":3,"2":3,"3":3,"4":3},"f":{},"b":{}}
,"/Users/luyandy/Documents/performance-monitor-frontend/components/layout/sidebar-nav.tsx": {"path":"/Users/luyandy/Documents/performance-monitor-frontend/components/layout/sidebar-nav.tsx","statementMap":{"0":{"start":{"line":9,"column":16},"end":{"line":9,"column":27}},"1":{"start":{"line":3,"column":17},"end":{"line":3,"column":null}},"2":{"start":{"line":4,"column":28},"end":{"line":4,"column":null}},"3":{"start":{"line":5,"column":24},"end":{"line":5,"column":null}},"4":{"start":{"line":6,"column":19},"end":{"line":6,"column":null}},"5":{"start":{"line":7,"column":49},"end":{"line":7,"column":null}},"6":{"start":{"line":10,"column":19},"end":{"line":10,"column":null}},"7":{"start":{"line":11,"column":19},"end":{"line":11,"column":null}},"8":{"start":{"line":28,"column":12},"end":{"line":30,"column":null}},"9":{"start":{"line":31,"column":23},"end":{"line":31,"column":32}},"10":{"start":{"line":32,"column":10},"end":{"line":34,"column":null}}},"fnMap":{"0":{"name":"SidebarNav","decl":{"start":{"line":9,"column":16},"end":{"line":9,"column":27}},"loc":{"start":{"line":9,"column":70},"end":{"line":57,"column":null}}},"1":{"name":"(anonymous_3)","decl":{"start":{"line":26,"column":22},"end":{"line":26,"column":23}},"loc":{"start":{"line":26,"column":23},"end":{"line":49,"column":null}}}},"branchMap":{"0":{"loc":{"start":{"line":28,"column":12},"end":{"line":30,"column":null}},"type":"cond-expr","locations":[{"start":{"line":29,"column":16},"end":{"line":29,"column":null}},{"start":{"line":30,"column":16},"end":{"line":30,"column":null}}]},"1":{"loc":{"start":{"line":30,"column":16},"end":{"line":30,"column":null}},"type":"binary-expr","locations":[{"start":{"line":30,"column":16},"end":{"line":30,"column":38}},{"start":{"line":30,"column":42},"end":{"line":30,"column":null}}]},"2":{"loc":{"start":{"line":37,"column":28},"end":{"line":37,"column":null}},"type":"cond-expr","locations":[{"start":{"line":37,"column":37},"end":{"line":37,"column":46}},{"start":{"line":37,"column":46},"end":{"line":37,"column":null}}]},"3":{"loc":{"start":{"line":40,"column":16},"end":{"line":42,"column":null}},"type":"cond-expr","locations":[{"start":{"line":41,"column":20},"end":{"line":41,"column":null}},{"start":{"line":42,"column":20},"end":{"line":42,"column":null}}]}},"s":{"0":2,"1":2,"2":2,"3":2,"4":2,"5":2,"6":1,"7":1,"8":6,"9":6,"10":6},"f":{"0":1,"1":6},"b":{"0":[1,5],"1":[5,5],"2":[1,5],"3":[1,5]}}
,"/Users/luyandy/Documents/performance-monitor-frontend/components/market-regime/regime-widget.tsx": {"path":"/Users/luyandy/Documents/performance-monitor-frontend/components/market-regime/regime-widget.tsx","statementMap":{"0":{"start":{"line":28,"column":16},"end":{"line":28,"column":29}},"1":{"start":{"line":3,"column":34},"end":{"line":3,"column":null}},"2":{"start":{"line":4,"column":23},"end":{"line":4,"column":null}},"3":{"start":{"line":11,"column":7},"end":{"line":11,"column":null}},"4":{"start":{"line":12,"column":22},"end":{"line":12,"column":null}},"5":{"start":{"line":13,"column":25},"end":{"line":13,"column":null}},"6":{"start":{"line":16,"column":2},"end":{"line":16,"column":null}},"7":{"start":{"line":34,"column":28},"end":{"line":34,"column":null}},"8":{"start":{"line":35,"column":32},"end":{"line":35,"column":null}},"9":{"start":{"line":37,"column":17},"end":{"line":53,"column":null}},"10":{"start":{"line":38,"column":11},"end":{"line":52,"column":null}},"11":{"start":{"line":41,"column":20},"end":{"line":41,"column":null}},"12":{"start":{"line":43,"column":20},"end":{"line":43,"column":null}},"13":{"start":{"line":66,"column":29},"end":{"line":66,"column":null}},"14":{"start":{"line":72,"column":27},"end":{"line":72,"column":null}}},"fnMap":{"0":{"name":"RegimeWidget","decl":{"start":{"line":28,"column":16},"end":{"line":28,"column":29}},"loc":{"start":{"line":33,"column":20},"end":{"line":86,"column":null}}},"1":{"name":"(anonymous_2)","decl":{"start":{"line":38,"column":4},"end":{"line":38,"column":11}},"loc":{"start":{"line":38,"column":11},"end":{"line":52,"column":null}}},"2":{"name":"(anonymous_3)","decl":{"start":{"line":41,"column":13},"end":{"line":41,"column":14}},"loc":{"start":{"line":41,"column":20},"end":{"line":41,"column":null}}},"3":{"name":"(anonymous_4)","decl":{"start":{"line":43,"column":13},"end":{"line":43,"column":14}},"loc":{"start":{"line":43,"column":20},"end":{"line":43,"column":null}}},"4":{"name":"(anonymous_5)","decl":{"start":{"line":66,"column":22},"end":{"line":66,"column":23}},"loc":{"start":{"line":66,"column":29},"end":{"line":66,"column":null}}},"5":{"name":"(anonymous_6)","decl":{"start":{"line":72,"column":21},"end":{"line":72,"column":27}},"loc":{"start":{"line":72,"column":27},"end":{"line":72,"column":null}}}},"branchMap":{"0":{"loc":{"start":{"line":32,"column":2},"end":{"line":32,"column":15}},"type":"default-arg","locations":[{"start":{"line":32,"column":11},"end":{"line":32,"column":15}}]}},"s":{"0":3,"1":1,"2":1,"3":1,"4":1,"5":1,"6":1,"7":15,"8":15,"9":15,"10":4,"11":5,"12":5,"13":11,"14":1},"f":{"0":15,"1":4,"2":5,"3":5,"4":11,"5":1},"b":{"0":[15]}}
,"/Users/luyandy/Documents/performance-monitor-frontend/components/shared/badges.tsx": {"path":"/Users/luyandy/Documents/performance-monitor-frontend/components/shared/badges.tsx","statementMap":{"0":{"start":{"line":37,"column":16},"end":{"line":37,"column":28}},"1":{"start":{"line":53,"column":16},"end":{"line":53,"column":30}},"2":{"start":{"line":8,"column":16},"end":{"line":8,"column":28}},"3":{"start":{"line":3,"column":22},"end":{"line":3,"column":null}},"4":{"start":{"line":4,"column":24},"end":{"line":4,"column":null}},"5":{"start":{"line":5,"column":19},"end":{"line":5,"column":null}},"6":{"start":{"line":9,"column":19},"end":{"line":9,"column":null}},"7":{"start":{"line":31,"column":50},"end":{"line":35,"column":null}},"8":{"start":{"line":38,"column":19},"end":{"line":38,"column":null}},"9":{"start":{"line":39,"column":20},"end":{"line":39,"column":64}},"10":{"start":{"line":47,"column":46},"end":{"line":51,"column":null}},"11":{"start":{"line":54,"column":19},"end":{"line":54,"column":null}}},"fnMap":{"0":{"name":"StatusBadge","decl":{"start":{"line":8,"column":16},"end":{"line":8,"column":28}},"loc":{"start":{"line":8,"column":66},"end":{"line":29,"column":null}}},"1":{"name":"HealthBadge","decl":{"start":{"line":37,"column":16},"end":{"line":37,"column":28}},"loc":{"start":{"line":37,"column":64},"end":{"line":45,"column":null}}},"2":{"name":"SeverityBadge","decl":{"start":{"line":53,"column":16},"end":{"line":53,"column":30}},"loc":{"start":{"line":53,"column":66},"end":{"line":60,"column":null}}}},"branchMap":{"0":{"loc":{"start":{"line":15,"column":8},"end":{"line":17,"column":null}},"type":"cond-expr","locations":[{"start":{"line":16,"column":12},"end":{"line":16,"column":null}},{"start":{"line":17,"column":12},"end":{"line":17,"column":null}}]},"1":{"loc":{"start":{"line":23,"column":10},"end":{"line":23,"column":null}},"type":"cond-expr","locations":[{"start":{"line":23,"column":33},"end":{"line":23,"column":48}},{"start":{"line":23,"column":48},"end":{"line":23,"column":null}}]},"2":{"loc":{"start":{"line":26,"column":7},"end":{"line":26,"column":null}},"type":"binary-expr","locations":[{"start":{"line":26,"column":7},"end":{"line":26,"column":26}},{"start":{"line":26,"column":30},"end":{"line":26,"column":null}}]},"3":{"loc":{"start":{"line":39,"column":20},"end":{"line":39,"column":64}},"type":"binary-expr","locations":[{"start":{"line":39,"column":20},"end":{"line":39,"column":39}},{"start":{"line":39,"column":43},"end":{"line":39,"column":64}}]},"4":{"loc":{"start":{"line":42,"column":7},"end":{"line":42,"column":null}},"type":"binary-expr","locations":[{"start":{"line":42,"column":7},"end":{"line":42,"column":26}},{"start":{"line":42,"column":30},"end":{"line":42,"column":null}}]},"5":{"loc":{"start":{"line":56,"column":43},"end":{"line":56,"column":83}},"type":"binary-expr","locations":[{"start":{"line":56,"column":43},"end":{"line":56,"column":64}},{"start":{"line":56,"column":68},"end":{"line":56,"column":83}}]},"6":{"loc":{"start":{"line":57,"column":7},"end":{"line":57,"column":null}},"type":"binary-expr","locations":[{"start":{"line":57,"column":7},"end":{"line":57,"column":30}},{"start":{"line":57,"column":34},"end":{"line":57,"column":null}}]}},"s":{"0":7,"1":0,"2":6,"3":3,"4":3,"5":3,"6":6,"7":3,"8":7,"9":7,"10":3,"11":0},"f":{"0":6,"1":7,"2":0},"b":{"0":[4,2],"1":[4,2],"2":[6,0],"3":[7,0],"4":[7,0],"5":[0,0],"6":[0,0]}}
,"/Users/luyandy/Documents/performance-monitor-frontend/components/shared/offline-banner.tsx": {"path":"/Users/luyandy/Documents/performance-monitor-frontend/components/shared/offline-banner.tsx","statementMap":{"0":{"start":{"line":6,"column":16},"end":{"line":6,"column":30}},"1":{"start":{"line":3,"column":24},"end":{"line":3,"column":null}},"2":{"start":{"line":4,"column":24},"end":{"line":4,"column":null}},"3":{"start":{"line":7,"column":19},"end":{"line":7,"column":null}},"4":{"start":{"line":8,"column":2},"end":{"line":8,"column":null}},"5":{"start":{"line":8,"column":13},"end":{"line":8,"column":null}}},"fnMap":{"0":{"name":"OfflineBanner","decl":{"start":{"line":6,"column":16},"end":{"line":6,"column":30}},"loc":{"start":{"line":6,"column":65},"end":{"line":15,"column":null}}}},"branchMap":{"0":{"loc":{"start":{"line":6,"column":32},"end":{"line":6,"column":43}},"type":"default-arg","locations":[{"start":{"line":6,"column":39},"end":{"line":6,"column":43}}]},"1":{"loc":{"start":{"line":8,"column":2},"end":{"line":8,"column":null}},"type":"if","locations":[{"start":{"line":8,"column":2},"end":{"line":8,"column":null}},{"start":{},"end":{}}]}},"s":{"0":1,"1":3,"2":3,"3":1,"4":1,"5":1},"f":{"0":1},"b":{"0":[0],"1":[1,0]}}
,"/Users/luyandy/Documents/performance-monitor-frontend/components/shared/stat-card.tsx": {"path":"/Users/luyandy/Documents/performance-monitor-frontend/components/shared/stat-card.tsx","statementMap":{"0":{"start":{"line":15,"column":16},"end":{"line":15,"column":25}},"1":{"start":{"line":2,"column":34},"end":{"line":2,"column":null}},"2":{"start":{"line":3,"column":25},"end":{"line":3,"column":null}},"3":{"start":{"line":4,"column":19},"end":{"line":4,"column":null}}},"fnMap":{"0":{"name":"StatCard","decl":{"start":{"line":15,"column":16},"end":{"line":15,"column":25}},"loc":{"start":{"line":15,"column":102},"end":{"line":45,"column":null}}}},"branchMap":{"0":{"loc":{"start":{"line":15,"column":59},"end":{"line":15,"column":76}},"type":"default-arg","locations":[{"start":{"line":15,"column":67},"end":{"line":15,"column":76}}]},"1":{"loc":{"start":{"line":22,"column":12},"end":{"line":24,"column":13}},"type":"cond-expr","locations":[{"start":{"line":22,"column":12},"end":{"line":24,"column":13}}]},"2":{"loc":{"start":{"line":26,"column":11},"end":{"line":37,"column":null}},"type":"cond-expr","locations":[{"start":{"line":27,"column":12},"end":{"line":37,"column":null}},{"start":{"line":37,"column":14},"end":{"line":37,"column":null}}]},"3":{"loc":{"start":{"line":30,"column":16},"end":{"line":30,"column":null}},"type":"binary-expr","locations":[{"start":{"line":30,"column":16},"end":{"line":30,"column":34}},{"start":{"line":30,"column":34},"end":{"line":30,"column":null}}]},"4":{"loc":{"start":{"line":31,"column":16},"end":{"line":31,"column":null}},"type":"binary-expr","locations":[{"start":{"line":31,"column":16},"end":{"line":31,"column":36}},{"start":{"line":31,"column":36},"end":{"line":31,"column":null}}]},"5":{"loc":{"start":{"line":32,"column":16},"end":{"line":32,"column":null}},"type":"binary-expr","locations":[{"start":{"line":32,"column":16},"end":{"line":32,"column":39}},{"start":{"line":32,"column":39},"end":{"line":32,"column":null}}]}},"s":{"0":3,"1":1,"2":1,"3":1},"f":{"0":3},"b":{"0":[3],"1":[1],"2":[1,2],"3":[1,0],"4":[1,0],"5":[1,1]}}
,"/Users/luyandy/Documents/performance-monitor-frontend/components/strategies/strategies-table.tsx": {"path":"/Users/luyandy/Documents/performance-monitor-frontend/components/strategies/strategies-table.tsx","statementMap":{"0":{"start":{"line":20,"column":16},"end":{"line":20,"column":32}},"1":{"start":{"line":3,"column":17},"end":{"line":3,"column":null}},"2":{"start":{"line":4,"column":37},"end":{"line":4,"column":null}},"3":{"start":{"line":5,"column":23},"end":{"line":5,"column":null}},"4":{"start":{"line":13,"column":7},"end":{"line":13,"column":null}},"5":{"start":{"line":14,"column":41},"end":{"line":14,"column":null}},"6":{"start":{"line":15,"column":44},"end":{"line":15,"column":null}},"7":{"start":{"line":16,"column":24},"end":{"line":16,"column":null}},"8":{"start":{"line":17,"column":19},"end":{"line":17,"column":null}},"9":{"start":{"line":27,"column":22},"end":{"line":27,"column":null}},"10":{"start":{"line":29,"column":2},"end":{"line":35,"column":null}},"11":{"start":{"line":54,"column":12},"end":{"line":54,"column":33}},"12":{"start":{"line":93,"column":35},"end":{"line":93,"column":null}}},"fnMap":{"0":{"name":"StrategiesTable","decl":{"start":{"line":20,"column":16},"end":{"line":20,"column":32}},"loc":{"start":{"line":26,"column":1},"end":{"line":114,"column":null}}},"1":{"name":"(anonymous_3)","decl":{"start":{"line":53,"column":26},"end":{"line":53,"column":27}},"loc":{"start":{"line":54,"column":12},"end":{"line":54,"column":33}}},"2":{"name":"(anonymous_4)","decl":{"start":{"line":93,"column":29},"end":{"line":93,"column":35}},"loc":{"start":{"line":93,"column":35},"end":{"line":93,"column":null}}}},"branchMap":{"0":{"loc":{"start":{"line":29,"column":2},"end":{"line":35,"column":null}},"type":"if","locations":[{"start":{"line":29,"column":2},"end":{"line":35,"column":null}},{"start":{},"end":{}}]},"1":{"loc":{"start":{"line":81,"column":18},"end":{"line":81,"column":null}},"type":"cond-expr","locations":[{"start":{"line":81,"column":40},"end":{"line":81,"column":61}},{"start":{"line":81,"column":61},"end":{"line":81,"column":null}}]}},"s":{"0":1,"1":1,"2":1,"3":1,"4":1,"5":1,"6":1,"7":1,"8":1,"9":1,"10":1,"11":4,"12":0},"f":{"0":1,"1":4,"2":0},"b":{"0":[0,1],"1":[0,4]}}
,"/Users/luyandy/Documents/performance-monitor-frontend/components/strategies/trades-table.tsx": {"path":"/Users/luyandy/Documents/performance-monitor-frontend/components/strategies/trades-table.tsx","statementMap":{"0":{"start":{"line":24,"column":16},"end":{"line":24,"column":28}},"1":{"start":{"line":3,"column":34},"end":{"line":3,"column":null}},"2":{"start":{"line":4,"column":42},"end":{"line":4,"column":null}},"3":{"start":{"line":5,"column":23},"end":{"line":5,"column":null}},"4":{"start":{"line":6,"column":34},"end":{"line":6,"column":null}},"5":{"start":{"line":7,"column":25},"end":{"line":7,"column":null}},"6":{"start":{"line":15,"column":7},"end":{"line":15,"column":null}},"7":{"start":{"line":16,"column":30},"end":{"line":16,"column":null}},"8":{"start":{"line":17,"column":26},"end":{"line":17,"column":null}},"9":{"start":{"line":18,"column":57},"end":{"line":18,"column":null}},"10":{"start":{"line":19,"column":24},"end":{"line":19,"column":null}},"11":{"start":{"line":20,"column":19},"end":{"line":20,"column":null}},"12":{"start":{"line":22,"column":18},"end":{"line":22,"column":null}},"13":{"start":{"line":25,"column":22},"end":{"line":25,"column":null}},"14":{"start":{"line":26,"column":30},"end":{"line":26,"column":null}},"15":{"start":{"line":27,"column":26},"end":{"line":27,"column":null}},"16":{"start":{"line":29,"column":17},"end":{"line":29,"column":33}},"17":{"start":{"line":30,"column":21},"end":{"line":30,"column":null}},"18":{"start":{"line":32,"column":21},"end":{"line":34,"column":null}},"19":{"start":{"line":33,"column":10},"end":{"line":33,"column":null}},"20":{"start":{"line":37,"column":2},"end":{"line":45,"column":null}},"21":{"start":{"line":41,"column":10},"end":{"line":41,"column":28}},"22":{"start":{"line":47,"column":2},"end":{"line":55,"column":null}},"23":{"start":{"line":76,"column":14},"end":{"line":76,"column":null}},"24":{"start":{"line":124,"column":27},"end":{"line":124,"column":null}},"25":{"start":{"line":124,"column":42},"end":{"line":124,"column":null}},"26":{"start":{"line":133,"column":27},"end":{"line":133,"column":null}},"27":{"start":{"line":133,"column":42},"end":{"line":133,"column":null}}},"fnMap":{"0":{"name":"TradesTable","decl":{"start":{"line":24,"column":16},"end":{"line":24,"column":28}},"loc":{"start":{"line":24,"column":66},"end":{"line":141,"column":null}}},"1":{"name":"(anonymous_2)","decl":{"start":{"line":33,"column":4},"end":{"line":33,"column":10}},"loc":{"start":{"line":33,"column":10},"end":{"line":33,"column":null}}},"2":{"name":"(anonymous_3)","decl":{"start":{"line":40,"column":39},"end":{"line":40,"column":40}},"loc":{"start":{"line":41,"column":10},"end":{"line":41,"column":28}}},"3":{"name":"(anonymous_4)","decl":{"start":{"line":75,"column":28},"end":{"line":75,"column":29}},"loc":{"start":{"line":76,"column":14},"end":{"line":76,"column":null}}},"4":{"name":"(anonymous_5)","decl":{"start":{"line":124,"column":21},"end":{"line":124,"column":27}},"loc":{"start":{"line":124,"column":27},"end":{"line":124,"column":null}}},"5":{"name":"(anonymous_6)","decl":{"start":{"line":124,"column":35},"end":{"line":124,"column":36}},"loc":{"start":{"line":124,"column":42},"end":{"line":124,"column":null}}},"6":{"name":"(anonymous_7)","decl":{"start":{"line":133,"column":21},"end":{"line":133,"column":27}},"loc":{"start":{"line":133,"column":27},"end":{"line":133,"column":null}}},"7":{"name":"(anonymous_8)","decl":{"start":{"line":133,"column":35},"end":{"line":133,"column":36}},"loc":{"start":{"line":133,"column":42},"end":{"line":133,"column":null}}}},"branchMap":{"0":{"loc":{"start":{"line":29,"column":17},"end":{"line":29,"column":33}},"type":"binary-expr","locations":[{"start":{"line":29,"column":17},"end":{"line":29,"column":31}},{"start":{"line":29,"column":31},"end":{"line":29,"column":33}}]},"1":{"loc":{"start":{"line":37,"column":2},"end":{"line":45,"column":null}},"type":"if","locations":[{"start":{"line":37,"column":2},"end":{"line":45,"column":null}},{"start":{},"end":{}}]},"2":{"loc":{"start":{"line":47,"column":2},"end":{"line":55,"column":null}},"type":"if","locations":[{"start":{"line":47,"column":2},"end":{"line":55,"column":null}},{"start":{},"end":{}}]},"3":{"loc":{"start":{"line":59,"column":7},"end":{"line":59,"column":null}},"type":"binary-expr","locations":[{"start":{"line":59,"column":7},"end":{"line":59,"column":27}},{"start":{"line":59,"column":27},"end":{"line":59,"column":null}}]},"4":{"loc":{"start":{"line":77,"column":52},"end":{"line":77,"column":84}},"type":"binary-expr","locations":[{"start":{"line":77,"column":52},"end":{"line":77,"column":64}},{"start":{"line":77,"column":68},"end":{"line":77,"column":84}}]},"5":{"loc":{"start":{"line":82,"column":22},"end":{"line":84,"column":null}},"type":"cond-expr","locations":[{"start":{"line":83,"column":26},"end":{"line":83,"column":null}},{"start":{"line":84,"column":26},"end":{"line":84,"column":null}}]},"6":{"loc":{"start":{"line":87,"column":21},"end":{"line":87,"column":81}},"type":"cond-expr","locations":[{"start":{"line":87,"column":45},"end":{"line":87,"column":61}},{"start":{"line":87,"column":64},"end":{"line":87,"column":81}}]},"7":{"loc":{"start":{"line":96,"column":64},"end":{"line":96,"column":98}},"type":"binary-expr","locations":[{"start":{"line":96,"column":64},"end":{"line":96,"column":78}},{"start":{"line":96,"column":82},"end":{"line":96,"column":98}}]},"8":{"loc":{"start":{"line":100,"column":20},"end":{"line":100,"column":null}},"type":"cond-expr","locations":[{"start":{"line":100,"column":37},"end":{"line":100,"column":54}},{"start":{"line":100,"column":54},"end":{"line":100,"column":null}}]}},"s":{"0":2,"1":1,"2":1,"3":1,"4":1,"5":1,"6":1,"7":1,"8":1,"9":1,"10":1,"11":1,"12":1,"13":3,"14":3,"15":3,"16":3,"17":3,"18":3,"19":3,"20":3,"21":6,"22":2,"23":20,"24":0,"25":0,"26":1,"27":1},"f":{"0":3,"1":3,"2":6,"3":20,"4":0,"5":0,"6":1,"7":1},"b":{"0":[3,1],"1":[1,2],"2":[0,2],"3":[2,0],"4":[20,0],"5":[10,10],"6":[10,10],"7":[20,0],"8":[10,10]}}
,"/Users/luyandy/Documents/performance-monitor-frontend/components/tradingview/tv-widget.tsx": {"path":"/Users/luyandy/Documents/performance-monitor-frontend/components/tradingview/tv-widget.tsx","statementMap":{"0":{"start":{"line":20,"column":24},"end":{"line":20,"column":33}},"1":{"start":{"line":3,"column":34},"end":{"line":3,"column":null}},"2":{"start":{"line":21,"column":23},"end":{"line":21,"column":null}},"3":{"start":{"line":23,"column":2},"end":{"line":55,"column":null}},"4":{"start":{"line":24,"column":22},"end":{"line":24,"column":42}},"5":{"start":{"line":25,"column":4},"end":{"line":25,"column":null}},"6":{"start":{"line":25,"column":20},"end":{"line":25,"column":null}},"7":{"start":{"line":27,"column":4},"end":{"line":27,"column":null}},"8":{"start":{"line":31,"column":22},"end":{"line":31,"column":null}},"9":{"start":{"line":32,"column":4},"end":{"line":32,"column":null}},"10":{"start":{"line":33,"column":4},"end":{"line":33,"column":null}},"11":{"start":{"line":34,"column":4},"end":{"line":34,"column":null}},"12":{"start":{"line":35,"column":4},"end":{"line":35,"column":null}},"13":{"start":{"line":37,"column":19},"end":{"line":37,"column":null}},"14":{"start":{"line":38,"column":4},"end":{"line":38,"column":null}},"15":{"start":{"line":39,"column":4},"end":{"line":39,"column":null}},"16":{"start":{"line":40,"column":4},"end":{"line":40,"column":null}},"17":{"start":{"line":41,"column":4},"end":{"line":49,"column":null}},"18":{"start":{"line":50,"column":4},"end":{"line":50,"column":null}},"19":{"start":{"line":52,"column":4},"end":{"line":54,"column":null}},"20":{"start":{"line":53,"column":6},"end":{"line":53,"column":null}}},"fnMap":{"0":{"name":"TvWidget","decl":{"start":{"line":20,"column":24},"end":{"line":20,"column":33}},"loc":{"start":{"line":20,"column":83},"end":{"line":65,"column":null}}},"1":{"name":"(anonymous_2)","decl":{"start":{"line":23,"column":12},"end":{"line":23,"column":null}},"loc":{"start":{"line":23,"column":12},"end":{"line":55,"column":5}}},"2":{"name":"(anonymous_3)","decl":{"start":{"line":52,"column":11},"end":{"line":52,"column":null}},"loc":{"start":{"line":52,"column":11},"end":{"line":54,"column":null}}}},"branchMap":{"0":{"loc":{"start":{"line":20,"column":54},"end":{"line":20,"column":66}},"type":"default-arg","locations":[{"start":{"line":20,"column":63},"end":{"line":20,"column":66}}]},"1":{"loc":{"start":{"line":25,"column":4},"end":{"line":25,"column":null}},"type":"if","locations":[{"start":{"line":25,"column":4},"end":{"line":25,"column":null}},{"start":{},"end":{}}]}},"s":{"0":3,"1":1,"2":3,"3":3,"4":3,"5":3,"6":0,"7":3,"8":3,"9":3,"10":3,"11":3,"12":3,"13":3,"14":3,"15":3,"16":3,"17":3,"18":3,"19":3,"20":3},"f":{"0":3,"1":3,"2":3},"b":{"0":[2],"1":[0,3]}}
,"/Users/luyandy/Documents/performance-monitor-frontend/lib/api-client.ts": {"path":"/Users/luyandy/Documents/performance-monitor-frontend/lib/api-client.ts","statementMap":{"0":{"start":{"line":6,"column":13},"end":{"line":6,"column":30}},"1":{"start":{"line":14,"column":22},"end":{"line":14,"column":32}},"2":{"start":{"line":24,"column":22},"end":{"line":24,"column":null}},"3":{"start":{"line":46,"column":22},"end":{"line":46,"column":null}},"4":{"start":{"line":4,"column":19},"end":{"line":4,"column":null}},"5":{"start":{"line":9,"column":4},"end":{"line":9,"column":null}},"6":{"start":{"line":10,"column":4},"end":{"line":10,"column":null}},"7":{"start":{"line":15,"column":14},"end":{"line":17,"column":null}},"8":{"start":{"line":18,"column":2},"end":{"line":20,"column":null}},"9":{"start":{"line":19,"column":4},"end":{"line":19,"column":null}},"10":{"start":{"line":21,"column":2},"end":{"line":21,"column":null}},"11":{"start":{"line":29,"column":14},"end":{"line":36,"column":null}},"12":{"start":{"line":37,"column":2},"end":{"line":39,"column":null}},"13":{"start":{"line":38,"column":4},"end":{"line":38,"column":null}},"14":{"start":{"line":40,"column":15},"end":{"line":40,"column":null}},"15":{"start":{"line":41,"column":2},"end":{"line":41,"column":null}},"16":{"start":{"line":50,"column":2},"end":{"line":55,"column":null}},"17":{"start":{"line":51,"column":17},"end":{"line":51,"column":null}},"18":{"start":{"line":52,"column":4},"end":{"line":52,"column":null}},"19":{"start":{"line":54,"column":4},"end":{"line":54,"column":null}}},"fnMap":{"0":{"name":"(anonymous_5)","decl":{"start":{"line":8,"column":2},"end":{"line":8,"column":14}},"loc":{"start":{"line":8,"column":47},"end":{"line":11,"column":null}}},"1":{"name":"apiGet","decl":{"start":{"line":14,"column":22},"end":{"line":14,"column":32}},"loc":{"start":{"line":14,"column":44},"end":{"line":22,"column":null}}},"2":{"name":"apiSend","decl":{"start":{"line":24,"column":22},"end":{"line":24,"column":null}},"loc":{"start":{"line":27,"column":16},"end":{"line":42,"column":null}}},"3":{"name":"getWithFallback","decl":{"start":{"line":46,"column":22},"end":{"line":46,"column":null}},"loc":{"start":{"line":48,"column":13},"end":{"line":56,"column":null}}}},"branchMap":{"0":{"loc":{"start":{"line":18,"column":2},"end":{"line":20,"column":null}},"type":"if","locations":[{"start":{"line":18,"column":2},"end":{"line":20,"column":null}},{"start":{},"end":{}}]},"1":{"loc":{"start":{"line":33,"column":10},"end":{"line":33,"column":60}},"type":"cond-expr","locations":[{"start":{"line":33,"column":17},"end":{"line":33,"column":58}},{"start":{"line":33,"column":58},"end":{"line":33,"column":60}}]},"2":{"loc":{"start":{"line":35,"column":10},"end":{"line":35,"column":null}},"type":"cond-expr","locations":[{"start":{"line":35,"column":17},"end":{"line":35,"column":40}},{"start":{"line":35,"column":40},"end":{"line":35,"column":null}}]},"3":{"loc":{"start":{"line":37,"column":2},"end":{"line":39,"column":null}},"type":"if","locations":[{"start":{"line":37,"column":2},"end":{"line":39,"column":null}},{"start":{},"end":{}}]},"4":{"loc":{"start":{"line":41,"column":10},"end":{"line":41,"column":null}},"type":"cond-expr","locations":[{"start":{"line":41,"column":17},"end":{"line":41,"column":36}},{"start":{"line":41,"column":36},"end":{"line":41,"column":null}}]}},"s":{"0":2,"1":2,"2":3,"3":2,"4":1,"5":2,"6":2,"7":4,"8":3,"9":1,"10":2,"11":3,"12":3,"13":1,"14":2,"15":2,"16":2,"17":2,"18":1,"19":1},"f":{"0":2,"1":4,"2":3,"3":2},"b":{"0":[1,2],"1":[1,2],"2":[1,2],"3":[1,2],"4":[1,1]}}
,"/Users/luyandy/Documents/performance-monitor-frontend/lib/format.ts": {"path":"/Users/luyandy/Documents/performance-monitor-frontend/lib/format.ts","statementMap":{"0":{"start":{"line":1,"column":16},"end":{"line":1,"column":31}},"1":{"start":{"line":20,"column":16},"end":{"line":20,"column":27}},"2":{"start":{"line":32,"column":16},"end":{"line":32,"column":32}},"3":{"start":{"line":15,"column":16},"end":{"line":15,"column":29}},"4":{"start":{"line":10,"column":16},"end":{"line":10,"column":30}},"5":{"start":{"line":2,"column":2},"end":{"line":2,"column":null}},"6":{"start":{"line":2,"column":44},"end":{"line":2,"column":null}},"7":{"start":{"line":3,"column":2},"end":{"line":7,"column":null}},"8":{"start":{"line":11,"column":2},"end":{"line":11,"column":null}},"9":{"start":{"line":11,"column":44},"end":{"line":11,"column":null}},"10":{"start":{"line":12,"column":2},"end":{"line":12,"column":null}},"11":{"start":{"line":16,"column":2},"end":{"line":16,"column":null}},"12":{"start":{"line":16,"column":44},"end":{"line":16,"column":null}},"13":{"start":{"line":17,"column":2},"end":{"line":17,"column":null}},"14":{"start":{"line":21,"column":2},"end":{"line":21,"column":null}},"15":{"start":{"line":21,"column":14},"end":{"line":21,"column":null}},"16":{"start":{"line":22,"column":12},"end":{"line":22,"column":null}},"17":{"start":{"line":23,"column":2},"end":{"line":23,"column":null}},"18":{"start":{"line":23,"column":33},"end":{"line":23,"column":null}},"19":{"start":{"line":24,"column":2},"end":{"line":29,"column":null}},"20":{"start":{"line":33,"column":2},"end":{"line":33,"column":null}},"21":{"start":{"line":33,"column":14},"end":{"line":33,"column":null}},"22":{"start":{"line":34,"column":12},"end":{"line":34,"column":null}},"23":{"start":{"line":35,"column":2},"end":{"line":35,"column":null}},"24":{"start":{"line":35,"column":33},"end":{"line":35,"column":null}},"25":{"start":{"line":36,"column":2},"end":{"line":36,"column":null}}},"fnMap":{"0":{"name":"formatCurrency","decl":{"start":{"line":1,"column":16},"end":{"line":1,"column":31}},"loc":{"start":{"line":1,"column":63},"end":{"line":8,"column":null}}},"1":{"name":"formatPercent","decl":{"start":{"line":10,"column":16},"end":{"line":10,"column":30}},"loc":{"start":{"line":10,"column":74},"end":{"line":13,"column":null}}},"2":{"name":"formatNumber","decl":{"start":{"line":15,"column":16},"end":{"line":15,"column":29}},"loc":{"start":{"line":15,"column":73},"end":{"line":18,"column":null}}},"3":{"name":"formatDate","decl":{"start":{"line":20,"column":16},"end":{"line":20,"column":27}},"loc":{"start":{"line":20,"column":59},"end":{"line":30,"column":null}}},"4":{"name":"formatDateShort","decl":{"start":{"line":32,"column":16},"end":{"line":32,"column":32}},"loc":{"start":{"line":32,"column":64},"end":{"line":37,"column":null}}}},"branchMap":{"0":{"loc":{"start":{"line":2,"column":2},"end":{"line":2,"column":null}},"type":"if","locations":[{"start":{"line":2,"column":2},"end":{"line":2,"column":null}},{"start":{},"end":{}}]},"1":{"loc":{"start":{"line":2,"column":6},"end":{"line":2,"column":44}},"type":"binary-expr","locations":[{"start":{"line":2,"column":6},"end":{"line":2,"column":23}},{"start":{"line":2,"column":23},"end":{"line":2,"column":44}}]},"2":{"loc":{"start":{"line":10,"column":64},"end":{"line":10,"column":74}},"type":"default-arg","locations":[{"start":{"line":10,"column":73},"end":{"line":10,"column":74}}]},"3":{"loc":{"start":{"line":11,"column":2},"end":{"line":11,"column":null}},"type":"if","locations":[{"start":{"line":11,"column":2},"end":{"line":11,"column":null}},{"start":{},"end":{}}]},"4":{"loc":{"start":{"line":11,"column":6},"end":{"line":11,"column":44}},"type":"binary-expr","locations":[{"start":{"line":11,"column":6},"end":{"line":11,"column":23}},{"start":{"line":11,"column":23},"end":{"line":11,"column":44}}]},"5":{"loc":{"start":{"line":15,"column":63},"end":{"line":15,"column":73}},"type":"default-arg","locations":[{"start":{"line":15,"column":72},"end":{"line":15,"column":73}}]},"6":{"loc":{"start":{"line":16,"column":2},"end":{"line":16,"column":null}},"type":"if","locations":[{"start":{"line":16,"column":2},"end":{"line":16,"column":null}},{"start":{},"end":{}}]},"7":{"loc":{"start":{"line":16,"column":6},"end":{"line":16,"column":44}},"type":"binary-expr","locations":[{"start":{"line":16,"column":6},"end":{"line":16,"column":23}},{"start":{"line":16,"column":23},"end":{"line":16,"column":44}}]},"8":{"loc":{"start":{"line":21,"column":2},"end":{"line":21,"column":null}},"type":"if","locations":[{"start":{"line":21,"column":2},"end":{"line":21,"column":null}},{"start":{},"end":{}}]},"9":{"loc":{"start":{"line":23,"column":2},"end":{"line":23,"column":null}},"type":"if","locations":[{"start":{"line":23,"column":2},"end":{"line":23,"column":null}},{"start":{},"end":{}}]},"10":{"loc":{"start":{"line":33,"column":2},"end":{"line":33,"column":null}},"type":"if","locations":[{"start":{"line":33,"column":2},"end":{"line":33,"column":null}},{"start":{},"end":{}}]},"11":{"loc":{"start":{"line":35,"column":2},"end":{"line":35,"column":null}},"type":"if","locations":[{"start":{"line":35,"column":2},"end":{"line":35,"column":null}},{"start":{},"end":{}}]}},"s":{"0":25,"1":24,"2":3,"3":49,"4":13,"5":25,"6":3,"7":22,"8":13,"9":3,"10":10,"11":49,"12":3,"13":46,"14":24,"15":2,"16":22,"17":22,"18":1,"19":21,"20":3,"21":1,"22":2,"23":2,"24":1,"25":1},"f":{"0":25,"1":13,"2":49,"3":24,"4":3},"b":{"0":[3,22],"1":[25,23],"2":[12],"3":[3,10],"4":[13,11],"5":[48],"6":[3,46],"7":[49,47],"8":[2,22],"9":[1,21],"10":[1,2],"11":[1,1]}}
,"/Users/luyandy/Documents/performance-monitor-frontend/lib/mock-data.ts": {"path":"/Users/luyandy/Documents/performance-monitor-frontend/lib/mock-data.ts","statementMap":{"0":{"start":{"line":125,"column":13},"end":{"line":125,"column":35}},"1":{"start":{"line":178,"column":13},"end":{"line":178,"column":50}},"2":{"start":{"line":97,"column":13},"end":{"line":97,"column":52}},"3":{"start":{"line":187,"column":13},"end":{"line":187,"column":46}},"4":{"start":{"line":99,"column":16},"end":{"line":99,"column":31}},"5":{"start":{"line":210,"column":13},"end":{"line":210,"column":54}},"6":{"start":{"line":203,"column":13},"end":{"line":203,"column":55}},"7":{"start":{"line":16,"column":13},"end":{"line":16,"column":42}},"8":{"start":{"line":104,"column":16},"end":{"line":104,"column":30}},"9":{"start":{"line":16,"column":42},"end":{"line":77,"column":null}},"10":{"start":{"line":80,"column":35},"end":{"line":80,"column":37}},"11":{"start":{"line":81,"column":15},"end":{"line":81,"column":null}},"12":{"start":{"line":82,"column":14},"end":{"line":82,"column":null}},"13":{"start":{"line":83,"column":2},"end":{"line":93,"column":null}},"14":{"start":{"line":83,"column":15},"end":{"line":83,"column":21}},"15":{"start":{"line":84,"column":4},"end":{"line":84,"column":null}},"16":{"start":{"line":85,"column":4},"end":{"line":92,"column":null}},"17":{"start":{"line":94,"column":2},"end":{"line":94,"column":null}},"18":{"start":{"line":97,"column":52},"end":{"line":97,"column":null}},"19":{"start":{"line":100,"column":16},"end":{"line":100,"column":null}},"20":{"start":{"line":100,"column":43},"end":{"line":100,"column":65}},"21":{"start":{"line":101,"column":2},"end":{"line":101,"column":null}},"22":{"start":{"line":105,"column":23},"end":{"line":105,"column":25}},"23":{"start":{"line":106,"column":14},"end":{"line":106,"column":null}},"24":{"start":{"line":107,"column":2},"end":{"line":121,"column":null}},"25":{"start":{"line":107,"column":15},"end":{"line":107,"column":18}},"26":{"start":{"line":108,"column":16},"end":{"line":108,"column":null}},"27":{"start":{"line":109,"column":4},"end":{"line":120,"column":null}},"28":{"start":{"line":112,"column":41},"end":{"line":112,"column":63}},"29":{"start":{"line":122,"column":2},"end":{"line":122,"column":null}},"30":{"start":{"line":125,"column":35},"end":{"line":176,"column":null}},"31":{"start":{"line":178,"column":50},"end":{"line":185,"column":null}},"32":{"start":{"line":187,"column":46},"end":{"line":201,"column":null}},"33":{"start":{"line":203,"column":55},"end":{"line":208,"column":null}},"34":{"start":{"line":210,"column":54},"end":{"line":227,"column":null}},"35":{"start":{"line":223,"column":57},"end":{"line":226,"column":null}}},"fnMap":{"0":{"name":"buildEquityCurve","decl":{"start":{"line":79,"column":9},"end":{"line":79,"column":26}},"loc":{"start":{"line":79,"column":53},"end":{"line":95,"column":null}}},"1":{"name":"mockMetricsFor","decl":{"start":{"line":99,"column":16},"end":{"line":99,"column":31}},"loc":{"start":{"line":99,"column":49},"end":{"line":102,"column":null}}},"2":{"name":"(anonymous_12)","decl":{"start":{"line":100,"column":36},"end":{"line":100,"column":37}},"loc":{"start":{"line":100,"column":43},"end":{"line":100,"column":65}}},"3":{"name":"mockTradesFor","decl":{"start":{"line":104,"column":16},"end":{"line":104,"column":30}},"loc":{"start":{"line":104,"column":48},"end":{"line":123,"column":null}}},"4":{"name":"(anonymous_14)","decl":{"start":{"line":112,"column":34},"end":{"line":112,"column":35}},"loc":{"start":{"line":112,"column":41},"end":{"line":112,"column":63}}},"5":{"name":"(anonymous_15)","decl":{"start":{"line":223,"column":49},"end":{"line":223,"column":50}},"loc":{"start":{"line":223,"column":57},"end":{"line":226,"column":null}}}},"branchMap":{"0":{"loc":{"start":{"line":100,"column":16},"end":{"line":100,"column":null}},"type":"binary-expr","locations":[{"start":{"line":100,"column":16},"end":{"line":100,"column":76}},{"start":{"line":100,"column":76},"end":{"line":100,"column":null}}]},"1":{"loc":{"start":{"line":112,"column":14},"end":{"line":112,"column":null}},"type":"binary-expr","locations":[{"start":{"line":112,"column":14},"end":{"line":112,"column":77}},{"start":{"line":112,"column":77},"end":{"line":112,"column":null}}]},"2":{"loc":{"start":{"line":113,"column":12},"end":{"line":113,"column":null}},"type":"cond-expr","locations":[{"start":{"line":113,"column":34},"end":{"line":113,"column":43}},{"start":{"line":113,"column":43},"end":{"line":113,"column":null}}]}},"s":{"0":3,"1":2,"2":3,"3":3,"4":2,"5":2,"6":1,"7":7,"8":3,"9":3,"10":8,"11":8,"12":8,"13":8,"14":8,"15":248,"16":248,"17":8,"18":3,"19":2,"20":5,"21":2,"22":3,"23":3,"24":3,"25":3,"26":120,"27":120,"28":400,"29":3,"30":3,"31":3,"32":3,"33":3,"34":3,"35":93},"f":{"0":8,"1":2,"2":5,"3":3,"4":400,"5":93},"b":{"0":[2,1],"1":[120,80],"2":[57,63]}}
,"/Users/luyandy/Documents/performance-monitor-frontend/lib/queries.ts": {"path":"/Users/luyandy/Documents/performance-monitor-frontend/lib/queries.ts","statementMap":{"0":{"start":{"line":28,"column":13},"end":{"line":28,"column":18}},"1":{"start":{"line":76,"column":16},"end":{"line":76,"column":26}},"2":{"start":{"line":93,"column":16},"end":{"line":93,"column":null}},"3":{"start":{"line":126,"column":16},"end":{"line":126,"column":null}},"4":{"start":{"line":84,"column":16},"end":{"line":84,"column":null}},"5":{"start":{"line":101,"column":16},"end":{"line":101,"column":null}},"6":{"start":{"line":66,"column":16},"end":{"line":66,"column":27}},"7":{"start":{"line":117,"column":16},"end":{"line":117,"column":null}},"8":{"start":{"line":109,"column":16},"end":{"line":109,"column":null}},"9":{"start":{"line":151,"column":16},"end":{"line":151,"column":null}},"10":{"start":{"line":43,"column":16},"end":{"line":43,"column":null}},"11":{"start":{"line":51,"column":16},"end":{"line":51,"column":28}},"12":{"start":{"line":57,"column":16},"end":{"line":57,"column":26}},"13":{"start":{"line":138,"column":16},"end":{"line":138,"column":34}},"14":{"start":{"line":3,"column":54},"end":{"line":3,"column":null}},"15":{"start":{"line":4,"column":22},"end":{"line":4,"column":null}},"16":{"start":{"line":5,"column":41},"end":{"line":5,"column":null}},"17":{"start":{"line":16,"column":7},"end":{"line":16,"column":null}},"18":{"start":{"line":28,"column":18},"end":{"line":39,"column":null}},"19":{"start":{"line":30,"column":28},"end":{"line":30,"column":null}},"20":{"start":{"line":31,"column":26},"end":{"line":31,"column":null}},"21":{"start":{"line":32,"column":27},"end":{"line":32,"column":null}},"22":{"start":{"line":33,"column":29},"end":{"line":33,"column":null}},"23":{"start":{"line":41,"column":14},"end":{"line":41,"column":null}},"24":{"start":{"line":44,"column":2},"end":{"line":48,"column":null}},"25":{"start":{"line":46,"column":19},"end":{"line":46,"column":null}},"26":{"start":{"line":52,"column":14},"end":{"line":52,"column":null}},"27":{"start":{"line":53,"column":19},"end":{"line":53,"column":null}},"28":{"start":{"line":53,"column":46},"end":{"line":53,"column":null}},"29":{"start":{"line":54,"column":2},"end":{"line":54,"column":null}},"30":{"start":{"line":58,"column":2},"end":{"line":63,"column":null}},"31":{"start":{"line":60,"column":19},"end":{"line":60,"column":null}},"32":{"start":{"line":67,"column":2},"end":{"line":73,"column":null}},"33":{"start":{"line":70,"column":6},"end":{"line":70,"column":null}},"34":{"start":{"line":77,"column":2},"end":{"line":81,"column":null}},"35":{"start":{"line":79,"column":19},"end":{"line":79,"column":null}},"36":{"start":{"line":85,"column":2},"end":{"line":90,"column":null}},"37":{"start":{"line":88,"column":6},"end":{"line":88,"column":null}},"38":{"start":{"line":94,"column":2},"end":{"line":98,"column":null}},"39":{"start":{"line":96,"column":19},"end":{"line":96,"column":null}},"40":{"start":{"line":102,"column":2},"end":{"line":106,"column":null}},"41":{"start":{"line":104,"column":19},"end":{"line":104,"column":null}},"42":{"start":{"line":110,"column":2},"end":{"line":114,"column":null}},"43":{"start":{"line":112,"column":19},"end":{"line":112,"column":null}},"44":{"start":{"line":118,"column":2},"end":{"line":123,"column":null}},"45":{"start":{"line":121,"column":6},"end":{"line":121,"column":null}},"46":{"start":{"line":127,"column":13},"end":{"line":127,"column":null}},"47":{"start":{"line":128,"column":2},"end":{"line":135,"column":null}},"48":{"start":{"line":129,"column":32},"end":{"line":129,"column":null}},"49":{"start":{"line":131,"column":6},"end":{"line":131,"column":null}},"50":{"start":{"line":132,"column":6},"end":{"line":132,"column":null}},"51":{"start":{"line":134,"column":19},"end":{"line":134,"column":null}},"52":{"start":{"line":139,"column":13},"end":{"line":139,"column":null}},"53":{"start":{"line":140,"column":2},"end":{"line":148,"column":null}},"54":{"start":{"line":142,"column":6},"end":{"line":142,"column":null}},"55":{"start":{"line":144,"column":6},"end":{"line":144,"column":null}},"56":{"start":{"line":145,"column":6},"end":{"line":145,"column":null}},"57":{"start":{"line":147,"column":19},"end":{"line":147,"column":null}},"58":{"start":{"line":152,"column":13},"end":{"line":152,"column":null}},"59":{"start":{"line":153,"column":2},"end":{"line":161,"column":null}},"60":{"start":{"line":155,"column":6},"end":{"line":155,"column":null}},"61":{"start":{"line":157,"column":6},"end":{"line":157,"column":null}},"62":{"start":{"line":158,"column":6},"end":{"line":158,"column":null}},"63":{"start":{"line":160,"column":19},"end":{"line":160,"column":null}}},"fnMap":{"0":{"name":"(anonymous_15)","decl":{"start":{"line":30,"column":12},"end":{"line":30,"column":13}},"loc":{"start":{"line":30,"column":28},"end":{"line":30,"column":null}}},"1":{"name":"(anonymous_16)","decl":{"start":{"line":31,"column":10},"end":{"line":31,"column":11}},"loc":{"start":{"line":31,"column":26},"end":{"line":31,"column":null}}},"2":{"name":"(anonymous_17)","decl":{"start":{"line":32,"column":11},"end":{"line":32,"column":12}},"loc":{"start":{"line":32,"column":27},"end":{"line":32,"column":null}}},"3":{"name":"(anonymous_18)","decl":{"start":{"line":33,"column":10},"end":{"line":33,"column":11}},"loc":{"start":{"line":33,"column":29},"end":{"line":33,"column":null}}},"4":{"name":"useStrategies","decl":{"start":{"line":43,"column":16},"end":{"line":43,"column":null}},"loc":{"start":{"line":43,"column":16},"end":{"line":49,"column":null}}},"5":{"name":"(anonymous_20)","decl":{"start":{"line":46,"column":13},"end":{"line":46,"column":19}},"loc":{"start":{"line":46,"column":19},"end":{"line":46,"column":null}}},"6":{"name":"useStrategy","decl":{"start":{"line":51,"column":16},"end":{"line":51,"column":28}},"loc":{"start":{"line":51,"column":38},"end":{"line":55,"column":null}}},"7":{"name":"(anonymous_22)","decl":{"start":{"line":53,"column":39},"end":{"line":53,"column":40}},"loc":{"start":{"line":53,"column":46},"end":{"line":53,"column":null}}},"8":{"name":"useTrades","decl":{"start":{"line":57,"column":16},"end":{"line":57,"column":26}},"loc":{"start":{"line":57,"column":36},"end":{"line":64,"column":null}}},"9":{"name":"(anonymous_24)","decl":{"start":{"line":60,"column":13},"end":{"line":60,"column":19}},"loc":{"start":{"line":60,"column":19},"end":{"line":60,"column":null}}},"10":{"name":"useMetrics","decl":{"start":{"line":66,"column":16},"end":{"line":66,"column":27}},"loc":{"start":{"line":66,"column":37},"end":{"line":74,"column":null}}},"11":{"name":"(anonymous_26)","decl":{"start":{"line":69,"column":13},"end":{"line":69,"column":null}},"loc":{"start":{"line":70,"column":6},"end":{"line":70,"column":null}}},"12":{"name":"useAlerts","decl":{"start":{"line":76,"column":16},"end":{"line":76,"column":26}},"loc":{"start":{"line":76,"column":37},"end":{"line":82,"column":null}}},"13":{"name":"(anonymous_28)","decl":{"start":{"line":79,"column":13},"end":{"line":79,"column":19}},"loc":{"start":{"line":79,"column":19},"end":{"line":79,"column":null}}},"14":{"name":"useEquityCurve","decl":{"start":{"line":84,"column":16},"end":{"line":84,"column":null}},"loc":{"start":{"line":84,"column":16},"end":{"line":91,"column":null}}},"15":{"name":"(anonymous_30)","decl":{"start":{"line":87,"column":13},"end":{"line":87,"column":null}},"loc":{"start":{"line":88,"column":6},"end":{"line":88,"column":null}}},"16":{"name":"useCapitalSummary","decl":{"start":{"line":93,"column":16},"end":{"line":93,"column":null}},"loc":{"start":{"line":93,"column":16},"end":{"line":99,"column":null}}},"17":{"name":"(anonymous_32)","decl":{"start":{"line":96,"column":13},"end":{"line":96,"column":19}},"loc":{"start":{"line":96,"column":19},"end":{"line":96,"column":null}}},"18":{"name":"useMarketRegime","decl":{"start":{"line":101,"column":16},"end":{"line":101,"column":null}},"loc":{"start":{"line":101,"column":16},"end":{"line":107,"column":null}}},"19":{"name":"(anonymous_34)","decl":{"start":{"line":104,"column":13},"end":{"line":104,"column":19}},"loc":{"start":{"line":104,"column":19},"end":{"line":104,"column":null}}},"20":{"name":"usePortfolioWeights","decl":{"start":{"line":109,"column":16},"end":{"line":109,"column":null}},"loc":{"start":{"line":109,"column":16},"end":{"line":115,"column":null}}},"21":{"name":"(anonymous_36)","decl":{"start":{"line":112,"column":13},"end":{"line":112,"column":19}},"loc":{"start":{"line":112,"column":19},"end":{"line":112,"column":null}}},"22":{"name":"usePortfolioMetrics","decl":{"start":{"line":117,"column":16},"end":{"line":117,"column":null}},"loc":{"start":{"line":117,"column":16},"end":{"line":124,"column":null}}},"23":{"name":"(anonymous_38)","decl":{"start":{"line":120,"column":13},"end":{"line":120,"column":null}},"loc":{"start":{"line":121,"column":6},"end":{"line":121,"column":null}}},"24":{"name":"useDeleteStrategy","decl":{"start":{"line":126,"column":16},"end":{"line":126,"column":null}},"loc":{"start":{"line":126,"column":16},"end":{"line":136,"column":null}}},"25":{"name":"(anonymous_40)","decl":{"start":{"line":129,"column":16},"end":{"line":129,"column":17}},"loc":{"start":{"line":129,"column":32},"end":{"line":129,"column":null}}},"26":{"name":"(anonymous_41)","decl":{"start":{"line":130,"column":15},"end":{"line":130,"column":null}},"loc":{"start":{"line":130,"column":15},"end":{"line":133,"column":null}}},"27":{"name":"(anonymous_42)","decl":{"start":{"line":134,"column":13},"end":{"line":134,"column":19}},"loc":{"start":{"line":134,"column":19},"end":{"line":134,"column":null}}},"28":{"name":"useUploadBacktest","decl":{"start":{"line":138,"column":16},"end":{"line":138,"column":34}},"loc":{"start":{"line":138,"column":52},"end":{"line":149,"column":null}}},"29":{"name":"(anonymous_44)","decl":{"start":{"line":141,"column":16},"end":{"line":141,"column":17}},"loc":{"start":{"line":142,"column":6},"end":{"line":142,"column":null}}},"30":{"name":"(anonymous_45)","decl":{"start":{"line":143,"column":15},"end":{"line":143,"column":null}},"loc":{"start":{"line":143,"column":15},"end":{"line":146,"column":null}}},"31":{"name":"(anonymous_46)","decl":{"start":{"line":147,"column":13},"end":{"line":147,"column":19}},"loc":{"start":{"line":147,"column":19},"end":{"line":147,"column":null}}},"32":{"name":"useSetWeight","decl":{"start":{"line":151,"column":16},"end":{"line":151,"column":null}},"loc":{"start":{"line":151,"column":16},"end":{"line":162,"column":null}}},"33":{"name":"(anonymous_48)","decl":{"start":{"line":154,"column":16},"end":{"line":154,"column":17}},"loc":{"start":{"line":155,"column":6},"end":{"line":155,"column":null}}},"34":{"name":"(anonymous_49)","decl":{"start":{"line":156,"column":15},"end":{"line":156,"column":null}},"loc":{"start":{"line":156,"column":15},"end":{"line":159,"column":null}}},"35":{"name":"(anonymous_50)","decl":{"start":{"line":160,"column":13},"end":{"line":160,"column":19}},"loc":{"start":{"line":160,"column":19},"end":{"line":160,"column":null}}}},"branchMap":{"0":{"loc":{"start":{"line":54,"column":33},"end":{"line":54,"column":64}},"type":"binary-expr","locations":[{"start":{"line":54,"column":33},"end":{"line":54,"column":57}},{"start":{"line":54,"column":57},"end":{"line":54,"column":64}}]},"1":{"loc":{"start":{"line":76,"column":26},"end":{"line":76,"column":37}},"type":"default-arg","locations":[{"start":{"line":76,"column":34},"end":{"line":76,"column":37}}]}},"s":{"0":4,"1":2,"2":0,"3":2,"4":0,"5":2,"6":0,"7":0,"8":0,"9":0,"10":2,"11":2,"12":2,"13":0,"14":1,"15":1,"16":1,"17":1,"18":1,"19":1,"20":3,"21":0,"22":3,"23":1,"24":4,"25":2,"26":2,"27":2,"28":1,"29":2,"30":2,"31":1,"32":0,"33":0,"34":2,"35":1,"36":0,"37":0,"38":0,"39":0,"40":2,"41":1,"42":0,"43":0,"44":0,"45":0,"46":2,"47":2,"48":1,"49":1,"50":1,"51":0,"52":0,"53":0,"54":0,"55":0,"56":0,"57":0,"58":0,"59":0,"60":0,"61":0,"62":0,"63":0},"f":{"0":1,"1":3,"2":0,"3":3,"4":4,"5":2,"6":2,"7":1,"8":2,"9":1,"10":0,"11":0,"12":2,"13":1,"14":0,"15":0,"16":0,"17":0,"18":2,"19":1,"20":0,"21":0,"22":0,"23":0,"24":2,"25":1,"26":1,"27":0,"28":0,"29":0,"30":0,"31":0,"32":0,"33":0,"34":0,"35":0},"b":{"0":[2,1],"1":[0]}}
,"/Users/luyandy/Documents/performance-monitor-frontend/lib/store.ts": {"path":"/Users/luyandy/Documents/performance-monitor-frontend/lib/store.ts","statementMap":{"0":{"start":{"line":9,"column":13},"end":{"line":9,"column":26}},"1":{"start":{"line":1,"column":23},"end":{"line":1,"column":null}},"2":{"start":{"line":9,"column":26},"end":{"line":13,"column":null}},"3":{"start":{"line":9,"column":52},"end":{"line":13,"column":null}},"4":{"start":{"line":11,"column":30},"end":{"line":11,"column":null}},"5":{"start":{"line":12,"column":25},"end":{"line":12,"column":null}},"6":{"start":{"line":12,"column":37},"end":{"line":12,"column":null}}},"fnMap":{"0":{"name":"(anonymous_1)","decl":{"start":{"line":9,"column":42},"end":{"line":9,"column":43}},"loc":{"start":{"line":9,"column":52},"end":{"line":13,"column":null}}},"1":{"name":"(anonymous_2)","decl":{"start":{"line":11,"column":20},"end":{"line":11,"column":21}},"loc":{"start":{"line":11,"column":30},"end":{"line":11,"column":null}}},"2":{"name":"(anonymous_3)","decl":{"start":{"line":12,"column":19},"end":{"line":12,"column":25}},"loc":{"start":{"line":12,"column":25},"end":{"line":12,"column":null}}},"3":{"name":"(anonymous_4)","decl":{"start":{"line":12,"column":29},"end":{"line":12,"column":30}},"loc":{"start":{"line":12,"column":37},"end":{"line":12,"column":null}}}},"branchMap":{},"s":{"0":10,"1":1,"2":1,"3":1,"4":1,"5":2,"6":2},"f":{"0":1,"1":1,"2":2,"3":2},"b":{}}
,"/Users/luyandy/Documents/performance-monitor-frontend/lib/utils.ts": {"path":"/Users/luyandy/Documents/performance-monitor-frontend/lib/utils.ts","statementMap":{"0":{"start":{"line":4,"column":16},"end":{"line":4,"column":19}},"1":{"start":{"line":1,"column":38},"end":{"line":1,"column":null}},"2":{"start":{"line":2,"column":24},"end":{"line":2,"column":null}},"3":{"start":{"line":5,"column":2},"end":{"line":5,"column":null}}},"fnMap":{"0":{"name":"cn","decl":{"start":{"line":4,"column":16},"end":{"line":4,"column":19}},"loc":{"start":{"line":4,"column":42},"end":{"line":6,"column":null}}}},"branchMap":{},"s":{"0":476,"1":9,"2":9,"3":476},"f":{"0":476},"b":{}}
,"/Users/luyandy/Documents/performance-monitor-frontend/lib/i18n/config.ts": {"path":"/Users/luyandy/Documents/performance-monitor-frontend/lib/i18n/config.ts","statementMap":{"0":{"start":{"line":7,"column":13},"end":{"line":7,"column":29}},"1":{"start":{"line":5,"column":13},"end":{"line":5,"column":37}},"2":{"start":{"line":14,"column":16},"end":{"line":14,"column":25}},"3":{"start":{"line":9,"column":13},"end":{"line":9,"column":51}},"4":{"start":{"line":1,"column":13},"end":{"line":1,"column":23}},"5":{"start":{"line":1,"column":23},"end":{"line":1,"column":null}},"6":{"start":{"line":5,"column":37},"end":{"line":5,"column":null}},"7":{"start":{"line":7,"column":29},"end":{"line":7,"column":null}},"8":{"start":{"line":9,"column":51},"end":{"line":12,"column":null}},"9":{"start":{"line":15,"column":2},"end":{"line":15,"column":null}}},"fnMap":{"0":{"name":"isLocale","decl":{"start":{"line":14,"column":16},"end":{"line":14,"column":25}},"loc":{"start":{"line":14,"column":57},"end":{"line":16,"column":null}}}},"branchMap":{"0":{"loc":{"start":{"line":15,"column":9},"end":{"line":15,"column":null}},"type":"binary-expr","locations":[{"start":{"line":15,"column":9},"end":{"line":15,"column":26}},{"start":{"line":15,"column":26},"end":{"line":15,"column":null}}]}},"s":{"0":4,"1":49,"2":8,"3":2,"4":2,"5":9,"6":9,"7":9,"8":9,"9":8},"f":{"0":8},"b":{"0":[8,5]}}
,"/Users/luyandy/Documents/performance-monitor-frontend/lib/i18n/context.tsx": {"path":"/Users/luyandy/Documents/performance-monitor-frontend/lib/i18n/context.tsx","statementMap":{"0":{"start":{"line":39,"column":16},"end":{"line":39,"column":29}},"1":{"start":{"line":18,"column":16},"end":{"line":18,"column":null}},"2":{"start":{"line":77,"column":16},"end":{"line":77,"column":null}},"3":{"start":{"line":10,"column":7},"end":{"line":10,"column":null}},"4":{"start":{"line":11,"column":26},"end":{"line":11,"column":null}},"5":{"start":{"line":12,"column":32},"end":{"line":12,"column":null}},"6":{"start":{"line":13,"column":43},"end":{"line":13,"column":null}},"7":{"start":{"line":14,"column":47},"end":{"line":14,"column":null}},"8":{"start":{"line":22,"column":2},"end":{"line":22,"column":null}},"9":{"start":{"line":22,"column":13},"end":{"line":22,"column":null}},"10":{"start":{"line":23,"column":2},"end":{"line":24,"column":null}},"11":{"start":{"line":24,"column":4},"end":{"line":24,"column":null}},"12":{"start":{"line":37,"column":20},"end":{"line":37,"column":null}},"13":{"start":{"line":46,"column":35},"end":{"line":46,"column":null}},"14":{"start":{"line":47,"column":39},"end":{"line":47,"column":null}},"15":{"start":{"line":48,"column":17},"end":{"line":48,"column":null}},"16":{"start":{"line":50,"column":15},"end":{"line":50,"column":null}},"17":{"start":{"line":50,"column":29},"end":{"line":50,"column":52}},"18":{"start":{"line":52,"column":20},"end":{"line":66,"column":null}},"19":{"start":{"line":54,"column":6},"end":{"line":54,"column":null}},"20":{"start":{"line":54,"column":27},"end":{"line":54,"column":null}},"21":{"start":{"line":57,"column":6},"end":{"line":57,"column":null}},"22":{"start":{"line":58,"column":6},"end":{"line":60,"column":null}},"23":{"start":{"line":59,"column":8},"end":{"line":59,"column":null}},"24":{"start":{"line":61,"column":6},"end":{"line":64,"column":null}},"25":{"start":{"line":62,"column":8},"end":{"line":62,"column":null}},"26":{"start":{"line":63,"column":8},"end":{"line":63,"column":null}},"27":{"start":{"line":69,"column":16},"end":{"line":71,"column":null}},"28":{"start":{"line":70,"column":11},"end":{"line":70,"column":null}},"29":{"start":{"line":78,"column":14},"end":{"line":78,"column":null}},"30":{"start":{"line":79,"column":2},"end":{"line":89,"column":null}},"31":{"start":{"line":82,"column":4},"end":{"line":88,"column":null}},"32":{"start":{"line":90,"column":2},"end":{"line":90,"column":null}}},"fnMap":{"0":{"name":"interpolate","decl":{"start":{"line":18,"column":16},"end":{"line":18,"column":null}},"loc":{"start":{"line":20,"column":40},"end":{"line":26,"column":null}}},"1":{"name":"(anonymous_5)","decl":{"start":{"line":23,"column":40},"end":{"line":23,"column":41}},"loc":{"start":{"line":24,"column":4},"end":{"line":24,"column":null}}},"2":{"name":"I18nProvider","decl":{"start":{"line":39,"column":16},"end":{"line":39,"column":29}},"loc":{"start":{"line":45,"column":1},"end":{"line":75,"column":null}}},"3":{"name":"(anonymous_7)","decl":{"start":{"line":50,"column":23},"end":{"line":50,"column":29}},"loc":{"start":{"line":50,"column":29},"end":{"line":50,"column":52}}},"4":{"name":"(anonymous_8)","decl":{"start":{"line":53,"column":4},"end":{"line":53,"column":5}},"loc":{"start":{"line":53,"column":5},"end":{"line":65,"column":null}}},"5":{"name":"(anonymous_9)","decl":{"start":{"line":61,"column":22},"end":{"line":61,"column":null}},"loc":{"start":{"line":61,"column":22},"end":{"line":64,"column":null}}},"6":{"name":"(anonymous_10)","decl":{"start":{"line":70,"column":4},"end":{"line":70,"column":11}},"loc":{"start":{"line":70,"column":11},"end":{"line":70,"column":null}}},"7":{"name":"useI18n","decl":{"start":{"line":77,"column":16},"end":{"line":77,"column":null}},"loc":{"start":{"line":77,"column":16},"end":{"line":91,"column":null}}},"8":{"name":"(anonymous_12)","decl":{"start":{"line":86,"column":17},"end":{"line":86,"column":24}},"loc":{"start":{"line":86,"column":17},"end":{"line":86,"column":null}}}},"branchMap":{"0":{"loc":{"start":{"line":22,"column":2},"end":{"line":22,"column":null}},"type":"if","locations":[{"start":{"line":22,"column":2},"end":{"line":22,"column":null}},{"start":{},"end":{}}]},"1":{"loc":{"start":{"line":24,"column":4},"end":{"line":24,"column":null}},"type":"cond-expr","locations":[{"start":{"line":24,"column":18},"end":{"line":24,"column":38}},{"start":{"line":24,"column":38},"end":{"line":24,"column":null}}]},"2":{"loc":{"start":{"line":54,"column":6},"end":{"line":54,"column":null}},"type":"if","locations":[{"start":{"line":54,"column":6},"end":{"line":54,"column":null}},{"start":{},"end":{}}]},"3":{"loc":{"start":{"line":58,"column":6},"end":{"line":60,"column":null}},"type":"if","locations":[{"start":{"line":58,"column":6},"end":{"line":60,"column":null}},{"start":{},"end":{}}]},"4":{"loc":{"start":{"line":79,"column":2},"end":{"line":89,"column":null}},"type":"if","locations":[{"start":{"line":79,"column":2},"end":{"line":89,"column":null}},{"start":{},"end":{}}]}},"s":{"0":0,"1":0,"2":23,"3":7,"4":7,"5":7,"6":7,"7":7,"8":8,"9":0,"10":8,"11":8,"12":7,"13":0,"14":0,"15":0,"16":0,"17":0,"18":0,"19":0,"20":0,"21":0,"22":0,"23":0,"24":0,"25":0,"26":0,"27":0,"28":0,"29":23,"30":23,"31":23,"32":0},"f":{"0":8,"1":8,"2":0,"3":0,"4":0,"5":0,"6":0,"7":23,"8":0},"b":{"0":[0,8],"1":[8,0],"2":[0,0],"3":[0,0],"4":[23,0]}}
,"/Users/luyandy/Documents/performance-monitor-frontend/lib/i18n/dictionaries.ts": {"path":"/Users/luyandy/Documents/performance-monitor-frontend/lib/i18n/dictionaries.ts","statementMap":{"0":{"start":{"line":557,"column":13},"end":{"line":557,"column":56}},"1":{"start":{"line":3,"column":13},"end":{"line":3,"column":18}},"2":{"start":{"line":281,"column":13},"end":{"line":281,"column":30}},"3":{"start":{"line":559,"column":16},"end":{"line":559,"column":30}},"4":{"start":{"line":3,"column":18},"end":{"line":277,"column":null}},"5":{"start":{"line":281,"column":30},"end":{"line":555,"column":null}},"6":{"start":{"line":557,"column":56},"end":{"line":557,"column":null}},"7":{"start":{"line":560,"column":2},"end":{"line":560,"column":null}}},"fnMap":{"0":{"name":"getDictionary","decl":{"start":{"line":559,"column":16},"end":{"line":559,"column":30}},"loc":{"start":{"line":559,"column":44},"end":{"line":561,"column":null}}}},"branchMap":{"0":{"loc":{"start":{"line":560,"column":9},"end":{"line":560,"column":null}},"type":"binary-expr","locations":[{"start":{"line":560,"column":9},"end":{"line":560,"column":29}},{"start":{"line":560,"column":33},"end":{"line":560,"column":null}}]}},"s":{"0":2,"1":3,"2":2,"3":26,"4":8,"5":8,"6":8,"7":26},"f":{"0":26},"b":{"0":[26,1]}}
,"/Users/luyandy/Documents/performance-monitor-frontend/lib/i18n/server.ts": {"path":"/Users/luyandy/Documents/performance-monitor-frontend/lib/i18n/server.ts","statementMap":{"0":{"start":{"line":6,"column":22},"end":{"line":6,"column":null}},"1":{"start":{"line":1,"column":24},"end":{"line":1,"column":null}},"2":{"start":{"line":2,"column":68},"end":{"line":2,"column":null}},"3":{"start":{"line":7,"column":16},"end":{"line":7,"column":null}},"4":{"start":{"line":8,"column":16},"end":{"line":8,"column":null}},"5":{"start":{"line":9,"column":2},"end":{"line":9,"column":null}}},"fnMap":{"0":{"name":"getLocale","decl":{"start":{"line":6,"column":22},"end":{"line":6,"column":null}},"loc":{"start":{"line":6,"column":22},"end":{"line":10,"column":null}}}},"branchMap":{"0":{"loc":{"start":{"line":9,"column":9},"end":{"line":9,"column":48}},"type":"cond-expr","locations":[{"start":{"line":9,"column":27},"end":{"line":9,"column":35}},{"start":{"line":9,"column":35},"end":{"line":9,"column":48}}]}},"s":{"0":3,"1":1,"2":1,"3":3,"4":3,"5":3},"f":{"0":3},"b":{"0":[1,2]}}
,"/Users/luyandy/Documents/performance-monitor-frontend/lib/server/backend.ts": {"path":"/Users/luyandy/Documents/performance-monitor-frontend/lib/server/backend.ts","statementMap":{"0":{"start":{"line":9,"column":13},"end":{"line":9,"column":null}},"1":{"start":{"line":16,"column":13},"end":{"line":16,"column":28}},"2":{"start":{"line":25,"column":16},"end":{"line":25,"column":27}},"3":{"start":{"line":18,"column":22},"end":{"line":18,"column":null}},"4":{"start":{"line":1,"column":7},"end":{"line":1,"column":null}},"5":{"start":{"line":2,"column":24},"end":{"line":2,"column":null}},"6":{"start":{"line":10,"column":2},"end":{"line":11,"column":null}},"7":{"start":{"line":16,"column":28},"end":{"line":16,"column":null}},"8":{"start":{"line":19,"column":22},"end":{"line":19,"column":null}},"9":{"start":{"line":20,"column":21},"end":{"line":20,"column":null}},"10":{"start":{"line":21,"column":2},"end":{"line":21,"column":null}},"11":{"start":{"line":21,"column":18},"end":{"line":21,"column":null}},"12":{"start":{"line":22,"column":2},"end":{"line":22,"column":null}},"13":{"start":{"line":26,"column":16},"end":{"line":26,"column":56}},"14":{"start":{"line":27,"column":2},"end":{"line":27,"column":null}}},"fnMap":{"0":{"name":"getBearerToken","decl":{"start":{"line":18,"column":22},"end":{"line":18,"column":null}},"loc":{"start":{"line":18,"column":22},"end":{"line":23,"column":null}}},"1":{"name":"backendUrl","decl":{"start":{"line":25,"column":16},"end":{"line":25,"column":27}},"loc":{"start":{"line":25,"column":52},"end":{"line":28,"column":null}}}},"branchMap":{"0":{"loc":{"start":{"line":10,"column":2},"end":{"line":11,"column":null}},"type":"binary-expr","locations":[{"start":{"line":10,"column":2},"end":{"line":10,"column":null}},{"start":{"line":11,"column":2},"end":{"line":11,"column":null}}]},"1":{"loc":{"start":{"line":21,"column":2},"end":{"line":21,"column":null}},"type":"if","locations":[{"start":{"line":21,"column":2},"end":{"line":21,"column":null}},{"start":{},"end":{}}]},"2":{"loc":{"start":{"line":22,"column":9},"end":{"line":22,"column":null}},"type":"binary-expr","locations":[{"start":{"line":22,"column":9},"end":{"line":22,"column":38}},{"start":{"line":22,"column":42},"end":{"line":22,"column":null}}]},"3":{"loc":{"start":{"line":25,"column":41},"end":{"line":25,"column":52}},"type":"default-arg","locations":[{"start":{"line":25,"column":50},"end":{"line":25,"column":52}}]},"4":{"loc":{"start":{"line":26,"column":16},"end":{"line":26,"column":56}},"type":"cond-expr","locations":[{"start":{"line":26,"column":39},"end":{"line":26,"column":46}},{"start":{"line":26,"column":46},"end":{"line":26,"column":56}}]}},"s":{"0":1,"1":0,"2":1,"3":3,"4":5,"5":5,"6":5,"7":5,"8":3,"9":3,"10":3,"11":1,"12":2,"13":2,"14":2},"f":{"0":3,"1":2},"b":{"0":[5,4],"1":[1,2],"2":[2,1],"3":[1],"4":[1,1]}}
}
