TN:
SF:components/alerts/alerts-view.tsx
FN:31,AlertsView
FN:47,(anonymous_2)
FN:51,(anonymous_3)
FN:65,(anonymous_4)
FN:68,(anonymous_5)
FN:85,resetPage
FN:86,(anonymous_7)
FN:93,(anonymous_8)
FN:96,(anonymous_9)
FN:116,(anonymous_10)
FN:123,(anonymous_11)
FN:138,(anonymous_12)
FN:159,(anonymous_13)
FN:170,(anonymous_14)
FN:178,(anonymous_15)
FN:206,(anonymous_16)
FN:232,(anonymous_17)
FN:262,(anonymous_18)
FN:262,(anonymous_19)
FN:271,(anonymous_20)
FN:272,(anonymous_21)
FNF:21
FNH:7
FNDA:1,AlertsView
FNDA:1,(anonymous_2)
FNDA:1,(anonymous_3)
FNDA:1,(anonymous_4)
FNDA:0,(anonymous_5)
FNDA:2,resetPage
FNDA:0,(anonymous_7)
FNDA:0,(anonymous_8)
FNDA:0,(anonymous_9)
FNDA:0,(anonymous_10)
FNDA:1,(anonymous_11)
FNDA:0,(anonymous_12)
FNDA:0,(anonymous_13)
FNDA:0,(anonymous_14)
FNDA:6,(anonymous_15)
FNDA:0,(anonymous_16)
FNDA:0,(anonymous_17)
FNDA:0,(anonymous_18)
FNDA:0,(anonymous_19)
FNDA:0,(anonymous_20)
FNDA:0,(anonymous_21)
DA:3,1
DA:4,1
DA:5,1
DA:6,1
DA:7,1
DA:8,1
DA:9,1
DA:10,1
DA:17,1
DA:18,1
DA:26,1
DA:27,1
DA:28,1
DA:29,1
DA:31,1
DA:32,1
DA:33,1
DA:34,1
DA:36,1
DA:37,1
DA:38,1
DA:39,1
DA:40,1
DA:41,1
DA:43,1
DA:44,1
DA:47,1
DA:48,1
DA:51,1
DA:52,1
DA:54,1
DA:58,1
DA:65,1
DA:66,1
DA:67,1
DA:68,1
DA:69,0
DA:70,0
DA:71,0
DA:72,0
DA:73,0
DA:74,0
DA:78,1
DA:79,1
DA:80,1
DA:86,2
DA:87,0
DA:88,0
DA:93,1
DA:96,0
DA:116,0
DA:124,1
DA:138,0
DA:159,0
DA:170,0
DA:179,6
DA:207,0
DA:233,0
DA:234,0
DA:262,0
DA:272,0
LF:61
LH:43
BRDA:43,0,0,1
BRDA:43,0,1,1
BRDA:44,1,0,1
BRDA:44,1,1,0
BRDA:66,2,0,0
BRDA:66,2,1,1
BRDA:67,3,0,0
BRDA:67,3,1,1
BRDA:70,4,0,0
BRDA:70,4,1,0
BRDA:71,5,0,0
BRDA:71,5,1,0
BRDA:72,6,0,0
BRDA:72,6,1,0
BRDA:73,7,0,0
BRDA:73,7,1,0
BRDA:74,8,0,0
BRDA:74,8,1,0
BRDA:74,8,2,0
BRDA:74,8,3,0
BRDA:96,9,0,0
BRDA:96,9,1,0
BRDA:105,10,0,1
BRDA:105,10,1,0
BRDA:177,11,0,1
BRDA:183,12,0,0
BRDA:210,13,0,0
BRDA:210,13,1,0
BRDA:213,14,0,0
BRDA:213,14,1,0
BRF:30
BRH:7
end_of_record
TN:
SF:components/layout/header.tsx
FN:13,useTitle
FN:17,(anonymous_2)
FN:23,Header
FNF:3
FNH:3
FNDA:1,useTitle
FNDA:1,(anonymous_2)
FNDA:1,Header
DA:3,1
DA:4,1
DA:5,1
DA:6,1
DA:7,1
DA:8,1
DA:9,1
DA:10,1
DA:11,1
DA:14,1
DA:15,1
DA:16,1
DA:17,1
DA:18,1
DA:20,1
DA:23,1
DA:24,1
DA:25,1
LF:18
LH:18
BRDA:16,0,0,0
BRDA:16,0,1,1
BRDA:18,1,0,1
BRDA:18,1,1,0
BRDA:20,2,0,1
BRDA:20,2,1,0
BRF:6
BRH:3
end_of_record
TN:
SF:components/layout/language-selector.tsx
FN:18,LanguageSelector
FN:43,(anonymous_2)
FN:46,(anonymous_3)
FNF:3
FNH:2
FNDA:1,LanguageSelector
FNDA:2,(anonymous_2)
FNDA:0,(anonymous_3)
DA:3,1
DA:4,1
DA:13,1
DA:14,1
DA:15,1
DA:16,1
DA:18,1
DA:19,1
DA:44,2
DA:46,0
LF:10
LH:9
BRDA:53,0,0,1
BRDA:53,0,1,1
BRF:2
BRH:2
end_of_record
TN:
SF:components/layout/nav-items.ts
FNF:0
FNH:0
DA:9,3
DA:20,3
DA:29,3
LF:3
LH:3
BRF:0
BRH:0
end_of_record
TN:
SF:components/layout/sidebar-nav.tsx
FN:9,SidebarNav
FN:26,(anonymous_3)
FNF:2
FNH:2
FNDA:1,SidebarNav
FNDA:6,(anonymous_3)
DA:3,2
DA:4,2
DA:5,2
DA:6,2
DA:7,2
DA:9,2
DA:10,1
DA:11,1
DA:28,6
DA:31,6
DA:32,6
LF:11
LH:11
BRDA:28,0,0,1
BRDA:28,0,1,5
BRDA:30,1,0,5
BRDA:30,1,1,5
BRDA:37,2,0,1
BRDA:37,2,1,5
BRDA:40,3,0,1
BRDA:40,3,1,5
BRF:8
BRH:8
end_of_record
TN:
SF:components/market-regime/regime-widget.tsx
FN:28,RegimeWidget
FN:38,(anonymous_2)
FN:41,(anonymous_3)
FN:43,(anonymous_4)
FN:66,(anonymous_5)
FN:72,(anonymous_6)
FNF:6
FNH:6
FNDA:15,RegimeWidget
FNDA:4,(anonymous_2)
FNDA:5,(anonymous_3)
FNDA:5,(anonymous_4)
FNDA:11,(anonymous_5)
FNDA:1,(anonymous_6)
DA:3,1
DA:4,1
DA:11,1
DA:12,1
DA:13,1
DA:16,1
DA:28,3
DA:34,15
DA:35,15
DA:37,15
DA:38,4
DA:41,5
DA:43,5
DA:66,11
DA:72,1
LF:15
LH:15
BRDA:32,0,0,15
BRF:1
BRH:1
end_of_record
TN:
SF:components/shared/badges.tsx
FN:8,StatusBadge
FN:37,HealthBadge
FN:53,SeverityBadge
FNF:3
FNH:2
FNDA:6,StatusBadge
FNDA:7,HealthBadge
FNDA:0,SeverityBadge
DA:3,3
DA:4,3
DA:5,3
DA:8,6
DA:9,6
DA:31,3
DA:37,7
DA:38,7
DA:39,7
DA:47,3
DA:53,0
DA:54,0
LF:12
LH:10
BRDA:15,0,0,4
BRDA:15,0,1,2
BRDA:23,1,0,4
BRDA:23,1,1,2
BRDA:26,2,0,6
BRDA:26,2,1,0
BRDA:39,3,0,7
BRDA:39,3,1,0
BRDA:42,4,0,7
BRDA:42,4,1,0
BRDA:56,5,0,0
BRDA:56,5,1,0
BRDA:57,6,0,0
BRDA:57,6,1,0
BRF:14
BRH:7
end_of_record
TN:
SF:components/shared/offline-banner.tsx
FN:6,OfflineBanner
FNF:1
FNH:1
FNDA:1,OfflineBanner
DA:3,3
DA:4,3
DA:6,1
DA:7,1
DA:8,1
LF:5
LH:5
BRDA:6,0,0,0
BRDA:8,1,0,1
BRDA:8,1,1,0
BRF:3
BRH:1
end_of_record
TN:
SF:components/shared/stat-card.tsx
FN:15,StatCard
FNF:1
FNH:1
FNDA:3,StatCard
DA:2,1
DA:3,1
DA:4,1
DA:15,3
LF:4
LH:4
BRDA:15,0,0,3
BRDA:22,1,0,1
BRDA:26,2,0,1
BRDA:26,2,1,2
BRDA:30,3,0,1
BRDA:30,3,1,0
BRDA:31,4,0,1
BRDA:31,4,1,0
BRDA:32,5,0,1
BRDA:32,5,1,1
BRF:10
BRH:8
end_of_record
TN:
SF:components/strategies/strategies-table.tsx
FN:20,StrategiesTable
FN:53,(anonymous_3)
FN:93,(anonymous_4)
FNF:3
FNH:2
FNDA:1,StrategiesTable
FNDA:4,(anonymous_3)
FNDA:0,(anonymous_4)
DA:3,1
DA:4,1
DA:5,1
DA:13,1
DA:14,1
DA:15,1
DA:16,1
DA:17,1
DA:20,1
DA:27,1
DA:29,1
DA:54,4
DA:93,0
LF:13
LH:12
BRDA:29,0,0,0
BRDA:29,0,1,1
BRDA:81,1,0,0
BRDA:81,1,1,4
BRF:4
BRH:2
end_of_record
TN:
SF:components/strategies/trades-table.tsx
FN:24,TradesTable
FN:33,(anonymous_2)
FN:40,(anonymous_3)
FN:75,(anonymous_4)
FN:124,(anonymous_5)
FN:124,(anonymous_6)
FN:133,(anonymous_7)
FN:133,(anonymous_8)
FNF:8
FNH:6
FNDA:3,TradesTable
FNDA:3,(anonymous_2)
FNDA:6,(anonymous_3)
FNDA:20,(anonymous_4)
FNDA:0,(anonymous_5)
FNDA:0,(anonymous_6)
FNDA:1,(anonymous_7)
FNDA:1,(anonymous_8)
DA:3,1
DA:4,1
DA:5,1
DA:6,1
DA:7,1
DA:15,1
DA:16,1
DA:17,1
DA:18,1
DA:19,1
DA:20,1
DA:22,1
DA:24,2
DA:25,3
DA:26,3
DA:27,3
DA:29,3
DA:30,3
DA:32,3
DA:33,3
DA:37,3
DA:41,6
DA:47,2
DA:76,20
DA:124,0
DA:133,1
LF:26
LH:25
BRDA:29,0,0,3
BRDA:29,0,1,1
BRDA:37,1,0,1
BRDA:37,1,1,2
BRDA:47,2,0,0
BRDA:47,2,1,2
BRDA:59,3,0,2
BRDA:59,3,1,0
BRDA:77,4,0,20
BRDA:77,4,1,0
BRDA:82,5,0,10
BRDA:82,5,1,10
BRDA:87,6,0,10
BRDA:87,6,1,10
BRDA:96,7,0,20
BRDA:96,7,1,0
BRDA:100,8,0,10
BRDA:100,8,1,10
BRF:18
BRH:14
end_of_record
TN:
SF:components/tradingview/tv-widget.tsx
FN:20,TvWidget
FN:23,(anonymous_2)
FN:52,(anonymous_3)
FNF:3
FNH:3
FNDA:3,TvWidget
FNDA:3,(anonymous_2)
FNDA:3,(anonymous_3)
DA:3,1
DA:20,3
DA:21,3
DA:23,3
DA:24,3
DA:25,3
DA:27,3
DA:31,3
DA:32,3
DA:33,3
DA:34,3
DA:35,3
DA:37,3
DA:38,3
DA:39,3
DA:40,3
DA:41,3
DA:50,3
DA:52,3
DA:53,3
LF:20
LH:20
BRDA:20,0,0,2
BRDA:25,1,0,0
BRDA:25,1,1,3
BRF:3
BRH:2
end_of_record
TN:
SF:lib/api-client.ts
FN:8,(anonymous_5)
FN:14,apiGet
FN:24,apiSend
FN:46,getWithFallback
FNF:4
FNH:4
FNDA:2,(anonymous_5)
FNDA:4,apiGet
FNDA:3,apiSend
FNDA:2,getWithFallback
DA:4,1
DA:6,2
DA:9,2
DA:10,2
DA:14,2
DA:15,4
DA:18,3
DA:19,1
DA:21,2
DA:24,3
DA:29,3
DA:37,3
DA:38,1
DA:40,2
DA:41,2
DA:46,2
DA:50,2
DA:51,2
DA:52,1
DA:54,1
LF:20
LH:20
BRDA:18,0,0,1
BRDA:18,0,1,2
BRDA:33,1,0,1
BRDA:33,1,1,2
BRDA:35,2,0,1
BRDA:35,2,1,2
BRDA:37,3,0,1
BRDA:37,3,1,2
BRDA:41,4,0,1
BRDA:41,4,1,1
BRF:10
BRH:10
end_of_record
TN:
SF:lib/format.ts
FN:1,formatCurrency
FN:10,formatPercent
FN:15,formatNumber
FN:20,formatDate
FN:32,formatDateShort
FNF:5
FNH:5
FNDA:25,formatCurrency
FNDA:13,formatPercent
FNDA:49,formatNumber
FNDA:24,formatDate
FNDA:3,formatDateShort
DA:1,25
DA:2,25
DA:3,22
DA:10,13
DA:11,13
DA:12,10
DA:15,49
DA:16,49
DA:17,46
DA:20,24
DA:21,24
DA:22,22
DA:23,22
DA:24,21
DA:32,3
DA:33,3
DA:34,2
DA:35,2
DA:36,1
LF:19
LH:19
BRDA:2,0,0,3
BRDA:2,0,1,22
BRDA:2,1,0,25
BRDA:2,1,1,23
BRDA:10,2,0,12
BRDA:11,3,0,3
BRDA:11,3,1,10
BRDA:11,4,0,13
BRDA:11,4,1,11
BRDA:15,5,0,48
BRDA:16,6,0,3
BRDA:16,6,1,46
BRDA:16,7,0,49
BRDA:16,7,1,47
BRDA:21,8,0,2
BRDA:21,8,1,22
BRDA:23,9,0,1
BRDA:23,9,1,21
BRDA:33,10,0,1
BRDA:33,10,1,2
BRDA:35,11,0,1
BRDA:35,11,1,1
BRF:22
BRH:22
end_of_record
TN:
SF:lib/mock-data.ts
FN:79,buildEquityCurve
FN:99,mockMetricsFor
FN:100,(anonymous_12)
FN:104,mockTradesFor
FN:112,(anonymous_14)
FN:223,(anonymous_15)
FNF:6
FNH:6
FNDA:8,buildEquityCurve
FNDA:2,mockMetricsFor
FNDA:5,(anonymous_12)
FNDA:3,mockTradesFor
FNDA:400,(anonymous_14)
FNDA:93,(anonymous_15)
DA:16,7
DA:80,8
DA:81,8
DA:82,8
DA:83,8
DA:84,248
DA:85,248
DA:94,8
DA:97,3
DA:99,2
DA:100,5
DA:101,2
DA:104,3
DA:105,3
DA:106,3
DA:107,3
DA:108,120
DA:109,120
DA:112,400
DA:122,3
DA:125,3
DA:178,3
DA:187,3
DA:203,3
DA:210,3
DA:223,93
LF:26
LH:26
BRDA:100,0,0,2
BRDA:100,0,1,1
BRDA:112,1,0,120
BRDA:112,1,1,80
BRDA:113,2,0,57
BRDA:113,2,1,63
BRF:6
BRH:6
end_of_record
TN:
SF:lib/queries.ts
FN:30,(anonymous_15)
FN:31,(anonymous_16)
FN:32,(anonymous_17)
FN:33,(anonymous_18)
FN:43,useStrategies
FN:46,(anonymous_20)
FN:51,useStrategy
FN:53,(anonymous_22)
FN:57,useTrades
FN:60,(anonymous_24)
FN:66,useMetrics
FN:69,(anonymous_26)
FN:76,useAlerts
FN:79,(anonymous_28)
FN:84,useEquityCurve
FN:87,(anonymous_30)
FN:93,useCapitalSummary
FN:96,(anonymous_32)
FN:101,useMarketRegime
FN:104,(anonymous_34)
FN:109,usePortfolioWeights
FN:112,(anonymous_36)
FN:117,usePortfolioMetrics
FN:120,(anonymous_38)
FN:126,useDeleteStrategy
FN:129,(anonymous_40)
FN:130,(anonymous_41)
FN:134,(anonymous_42)
FN:138,useUploadBacktest
FN:141,(anonymous_44)
FN:143,(anonymous_45)
FN:147,(anonymous_46)
FN:151,useSetWeight
FN:154,(anonymous_48)
FN:156,(anonymous_49)
FN:160,(anonymous_50)
FNF:36
FNH:16
FNDA:1,(anonymous_15)
FNDA:3,(anonymous_16)
FNDA:0,(anonymous_17)
FNDA:3,(anonymous_18)
FNDA:4,useStrategies
FNDA:2,(anonymous_20)
FNDA:2,useStrategy
FNDA:1,(anonymous_22)
FNDA:2,useTrades
FNDA:1,(anonymous_24)
FNDA:0,useMetrics
FNDA:0,(anonymous_26)
FNDA:2,useAlerts
FNDA:1,(anonymous_28)
FNDA:0,useEquityCurve
FNDA:0,(anonymous_30)
FNDA:0,useCapitalSummary
FNDA:0,(anonymous_32)
FNDA:2,useMarketRegime
FNDA:1,(anonymous_34)
FNDA:0,usePortfolioWeights
FNDA:0,(anonymous_36)
FNDA:0,usePortfolioMetrics
FNDA:0,(anonymous_38)
FNDA:2,useDeleteStrategy
FNDA:1,(anonymous_40)
FNDA:1,(anonymous_41)
FNDA:0,(anonymous_42)
FNDA:0,useUploadBacktest
FNDA:0,(anonymous_44)
FNDA:0,(anonymous_45)
FNDA:0,(anonymous_46)
FNDA:0,useSetWeight
FNDA:0,(anonymous_48)
FNDA:0,(anonymous_49)
FNDA:0,(anonymous_50)
DA:3,1
DA:4,1
DA:5,1
DA:16,1
DA:28,4
DA:30,1
DA:31,3
DA:32,0
DA:33,3
DA:41,1
DA:43,2
DA:44,4
DA:46,2
DA:51,2
DA:52,2
DA:53,2
DA:54,2
DA:57,2
DA:58,2
DA:60,1
DA:66,0
DA:67,0
DA:70,0
DA:76,2
DA:77,2
DA:79,1
DA:84,0
DA:85,0
DA:88,0
DA:93,0
DA:94,0
DA:96,0
DA:101,2
DA:102,2
DA:104,1
DA:109,0
DA:110,0
DA:112,0
DA:117,0
DA:118,0
DA:121,0
DA:126,2
DA:127,2
DA:128,2
DA:129,1
DA:131,1
DA:132,1
DA:134,0
DA:138,0
DA:139,0
DA:140,0
DA:142,0
DA:144,0
DA:145,0
DA:147,0
DA:151,0
DA:152,0
DA:153,0
DA:155,0
DA:157,0
DA:158,0
DA:160,0
LF:62
LH:31
BRDA:54,0,0,2
BRDA:54,0,1,1
BRDA:76,1,0,0
BRF:3
BRH:2
end_of_record
TN:
SF:lib/store.ts
FN:9,(anonymous_1)
FN:11,(anonymous_2)
FN:12,(anonymous_3)
FN:12,(anonymous_4)
FNF:4
FNH:4
FNDA:1,(anonymous_1)
FNDA:1,(anonymous_2)
FNDA:2,(anonymous_3)
FNDA:2,(anonymous_4)
DA:1,1
DA:9,10
DA:11,1
DA:12,2
LF:4
LH:4
BRF:0
BRH:0
end_of_record
TN:
SF:lib/utils.ts
FN:4,cn
FNF:1
FNH:1
FNDA:476,cn
DA:1,9
DA:2,9
DA:4,476
DA:5,476
LF:4
LH:4
BRF:0
BRH:0
end_of_record
TN:
SF:lib/i18n/config.ts
FN:14,isLocale
FNF:1
FNH:1
FNDA:8,isLocale
DA:1,9
DA:5,49
DA:7,9
DA:9,9
DA:14,8
DA:15,8
LF:6
LH:6
BRDA:15,0,0,8
BRDA:15,0,1,5
BRF:2
BRH:2
end_of_record
TN:
SF:lib/i18n/context.tsx
FN:18,interpolate
FN:23,(anonymous_5)
FN:39,I18nProvider
FN:50,(anonymous_7)
FN:53,(anonymous_8)
FN:61,(anonymous_9)
FN:70,(anonymous_10)
FN:77,useI18n
FN:86,(anonymous_12)
FNF:9
FNH:3
FNDA:8,interpolate
FNDA:8,(anonymous_5)
FNDA:0,I18nProvider
FNDA:0,(anonymous_7)
FNDA:0,(anonymous_8)
FNDA:0,(anonymous_9)
FNDA:0,(anonymous_10)
FNDA:23,useI18n
FNDA:0,(anonymous_12)
DA:10,7
DA:11,7
DA:12,7
DA:13,7
DA:14,7
DA:18,0
DA:22,8
DA:23,8
DA:24,8
DA:37,7
DA:39,0
DA:46,0
DA:47,0
DA:48,0
DA:50,0
DA:52,0
DA:54,0
DA:57,0
DA:58,0
DA:59,0
DA:61,0
DA:62,0
DA:63,0
DA:69,0
DA:70,0
DA:77,23
DA:78,23
DA:79,23
DA:82,23
DA:90,0
LF:30
LH:13
BRDA:22,0,0,0
BRDA:22,0,1,8
BRDA:24,1,0,8
BRDA:24,1,1,0
BRDA:54,2,0,0
BRDA:54,2,1,0
BRDA:58,3,0,0
BRDA:58,3,1,0
BRDA:79,4,0,23
BRDA:79,4,1,0
BRF:10
BRH:3
end_of_record
TN:
SF:lib/i18n/dictionaries.ts
FN:559,getDictionary
FNF:1
FNH:1
FNDA:26,getDictionary
DA:3,8
DA:281,8
DA:557,8
DA:559,26
DA:560,26
LF:5
LH:5
BRDA:560,0,0,26
BRDA:560,0,1,1
BRF:2
BRH:2
end_of_record
TN:
SF:lib/i18n/server.ts
FN:6,getLocale
FNF:1
FNH:1
FNDA:3,getLocale
DA:1,1
DA:2,1
DA:6,3
DA:7,3
DA:8,3
DA:9,3
LF:6
LH:6
BRDA:9,0,0,1
BRDA:9,0,1,2
BRF:2
BRH:2
end_of_record
TN:
SF:lib/server/backend.ts
FN:18,getBearerToken
FN:25,backendUrl
FNF:2
FNH:2
FNDA:3,getBearerToken
FNDA:2,backendUrl
DA:1,5
DA:2,5
DA:9,1
DA:10,5
DA:16,5
DA:18,3
DA:19,3
DA:20,3
DA:21,3
DA:22,2
DA:25,1
DA:26,2
DA:27,2
LF:13
LH:13
BRDA:10,0,0,5
BRDA:10,0,1,4
BRDA:21,1,0,1
BRDA:21,1,1,2
BRDA:22,2,0,2
BRDA:22,2,1,1
BRDA:25,3,0,1
BRDA:26,4,0,1
BRDA:26,4,1,1
BRF:9
BRH:9
end_of_record
