TN:
SF:components/alerts/alerts-view.tsx
FN:30,AlertsView
FN:46,(anonymous_2)
FN:50,(anonymous_3)
FN:53,(anonymous_4)
FN:67,resetPage
FN:68,(anonymous_6)
FN:92,(anonymous_7)
FN:99,(anonymous_8)
FN:112,(anonymous_9)
FN:133,(anonymous_10)
FN:144,(anonymous_11)
FN:152,(anonymous_12)
FN:174,(anonymous_13)
FN:200,(anonymous_14)
FN:226,(anonymous_15)
FN:226,(anonymous_16)
FN:235,(anonymous_17)
FN:235,(anonymous_18)
FNF:18
FNH:10
FNDA:5,AlertsView
FNDA:5,(anonymous_2)
FNDA:4,(anonymous_3)
FNDA:28,(anonymous_4)
FNDA:10,resetPage
FNDA:0,(anonymous_6)
FNDA:0,(anonymous_7)
FNDA:5,(anonymous_8)
FNDA:0,(anonymous_9)
FNDA:0,(anonymous_10)
FNDA:0,(anonymous_11)
FNDA:6,(anonymous_12)
FNDA:23,(anonymous_13)
FNDA:0,(anonymous_14)
FNDA:0,(anonymous_15)
FNDA:0,(anonymous_16)
FNDA:1,(anonymous_17)
FNDA:1,(anonymous_18)
DA:3,1
DA:4,1
DA:5,1
DA:6,1
DA:7,1
DA:8,1
DA:9,1
DA:10,1
DA:17,1
DA:18,1
DA:26,1
DA:27,1
DA:28,1
DA:30,4
DA:31,5
DA:32,5
DA:34,5
DA:35,5
DA:36,5
DA:37,5
DA:38,5
DA:39,5
DA:41,5
DA:42,5
DA:44,5
DA:46,5
DA:48,5
DA:50,5
DA:51,4
DA:52,4
DA:53,4
DA:54,28
DA:55,28
DA:56,28
DA:57,28
DA:58,28
DA:59,28
DA:63,5
DA:64,5
DA:65,5
DA:68,10
DA:69,0
DA:70,0
DA:92,0
DA:100,5
DA:112,0
DA:133,0
DA:144,0
DA:153,6
DA:175,23
DA:201,0
DA:202,0
DA:226,0
DA:235,1
LF:54
LH:45
BRDA:41,0,0,5
BRDA:41,0,1,1
BRDA:42,1,0,5
BRDA:42,1,1,0
BRDA:51,2,0,0
BRDA:51,2,1,4
BRDA:52,3,0,0
BRDA:52,3,1,4
BRDA:55,4,0,28
BRDA:55,4,1,0
BRDA:56,5,0,28
BRDA:56,5,1,0
BRDA:57,6,0,28
BRDA:57,6,1,0
BRDA:58,7,0,28
BRDA:58,7,1,0
BRDA:59,8,0,28
BRDA:59,8,1,28
BRDA:59,8,2,28
BRDA:59,8,3,28
BRDA:83,9,0,5
BRDA:83,9,1,1
BRDA:151,10,0,1
BRDA:157,11,0,1
BRDA:178,12,0,23
BRDA:178,12,1,0
BRDA:181,13,0,23
BRDA:181,13,1,0
BRF:28
BRH:19
end_of_record
TN:
SF:components/layout/header.tsx
FN:11,useTitle
FN:14,(anonymous_2)
FN:20,Header
FNF:3
FNH:3
FNDA:4,useTitle
FNDA:7,(anonymous_2)
FNDA:4,Header
DA:3,1
DA:4,1
DA:5,1
DA:6,1
DA:7,1
DA:8,1
DA:9,1
DA:12,4
DA:13,4
DA:14,3
DA:15,7
DA:17,3
DA:20,4
DA:21,4
LF:14
LH:14
BRDA:13,0,0,1
BRDA:13,0,1,3
BRDA:15,1,0,3
BRDA:15,1,1,4
BRDA:17,2,0,3
BRDA:17,2,1,0
BRF:6
BRH:5
end_of_record
TN:
SF:components/layout/nav-items.ts
FNF:0
FNH:0
DA:9,3
DA:18,9
DA:27,4
LF:3
LH:3
BRF:0
BRH:0
end_of_record
TN:
SF:components/layout/sidebar-nav.tsx
FN:8,SidebarNav
FN:24,(anonymous_3)
FNF:2
FNH:2
FNDA:3,SidebarNav
FNDA:18,(anonymous_3)
DA:3,2
DA:4,2
DA:5,2
DA:6,2
DA:8,7
DA:9,3
DA:26,18
DA:29,18
DA:30,18
LF:9
LH:9
BRDA:26,0,0,3
BRDA:26,0,1,15
BRDA:28,1,0,15
BRDA:28,1,1,14
BRDA:35,2,0,3
BRDA:35,2,1,15
BRDA:38,3,0,3
BRDA:38,3,1,15
BRF:8
BRH:8
end_of_record
TN:
SF:components/market-regime/regime-widget.tsx
FN:22,RegimeWidget
FN:32,(anonymous_2)
FN:35,(anonymous_3)
FN:37,(anonymous_4)
FN:60,(anonymous_5)
FN:64,(anonymous_6)
FNF:6
FNH:6
FNDA:15,RegimeWidget
FNDA:4,(anonymous_2)
FNDA:5,(anonymous_3)
FNDA:5,(anonymous_4)
FNDA:11,(anonymous_5)
FNDA:1,(anonymous_6)
DA:3,1
DA:4,1
DA:5,1
DA:6,1
DA:7,1
DA:10,1
DA:22,3
DA:28,15
DA:29,15
DA:31,15
DA:32,4
DA:35,5
DA:37,5
DA:60,11
DA:64,1
LF:15
LH:15
BRDA:26,0,0,15
BRF:1
BRH:1
end_of_record
TN:
SF:components/shared/badges.tsx
FN:5,StatusBadge
FN:33,HealthBadge
FN:48,SeverityBadge
FNF:3
FNH:3
FNDA:10,StatusBadge
FNDA:12,HealthBadge
FNDA:26,SeverityBadge
DA:1,3
DA:2,3
DA:5,10
DA:27,3
DA:33,12
DA:34,12
DA:42,3
DA:48,26
LF:8
LH:8
BRDA:11,0,0,7
BRDA:11,0,1,3
BRDA:19,1,0,7
BRDA:19,1,1,3
BRDA:34,2,0,12
BRDA:34,2,1,1
BRDA:50,3,0,26
BRDA:50,3,1,0
BRF:8
BRH:7
end_of_record
TN:
SF:components/shared/offline-banner.tsx
FN:3,OfflineBanner
FNF:1
FNH:1
FNDA:3,OfflineBanner
DA:1,3
DA:3,3
DA:4,3
LF:3
LH:3
BRDA:3,0,0,2
BRDA:4,1,0,1
BRDA:4,1,1,2
BRF:3
BRH:3
end_of_record
TN:
SF:components/shared/stat-card.tsx
FN:15,StatCard
FNF:1
FNH:1
FNDA:3,StatCard
DA:2,1
DA:3,1
DA:4,1
DA:15,3
LF:4
LH:4
BRDA:15,0,0,3
BRDA:22,1,0,1
BRDA:26,2,0,1
BRDA:26,2,1,2
BRDA:30,3,0,1
BRDA:30,3,1,0
BRDA:31,4,0,1
BRDA:31,4,1,0
BRDA:32,5,0,1
BRDA:32,5,1,1
BRF:10
BRH:8
end_of_record
TN:
SF:components/strategies/strategies-table.tsx
FN:19,StrategiesTable
FN:50,(anonymous_3)
FN:90,(anonymous_4)
FNF:3
FNH:3
FNDA:3,StrategiesTable
FNDA:8,(anonymous_3)
FNDA:1,(anonymous_4)
DA:3,1
DA:4,1
DA:5,1
DA:13,1
DA:14,1
DA:15,1
DA:16,1
DA:19,3
DA:26,3
DA:51,8
DA:90,1
LF:11
LH:11
BRDA:26,0,0,1
BRDA:26,0,1,2
BRDA:78,1,0,0
BRDA:78,1,1,8
BRF:4
BRH:3
end_of_record
TN:
SF:components/strategies/trades-table.tsx
FN:23,TradesTable
FN:31,(anonymous_2)
FN:38,(anonymous_3)
FN:73,(anonymous_4)
FN:122,(anonymous_5)
FN:122,(anonymous_6)
FN:131,(anonymous_7)
FN:131,(anonymous_8)
FNF:8
FNH:6
FNDA:4,TradesTable
FNDA:4,(anonymous_2)
FNDA:6,(anonymous_3)
FNDA:20,(anonymous_4)
FNDA:0,(anonymous_5)
FNDA:0,(anonymous_6)
FNDA:1,(anonymous_7)
FNDA:1,(anonymous_8)
DA:3,1
DA:4,1
DA:5,1
DA:6,1
DA:7,1
DA:15,1
DA:16,1
DA:17,1
DA:18,1
DA:19,1
DA:21,1
DA:23,3
DA:24,4
DA:25,4
DA:27,4
DA:28,4
DA:30,4
DA:31,4
DA:35,4
DA:39,6
DA:45,3
DA:74,20
DA:122,0
DA:131,1
LF:24
LH:23
BRDA:27,0,0,4
BRDA:27,0,1,1
BRDA:35,1,0,1
BRDA:35,1,1,3
BRDA:45,2,0,1
BRDA:45,2,1,2
BRDA:57,3,0,2
BRDA:57,3,1,0
BRDA:75,4,0,20
BRDA:75,4,1,0
BRDA:80,5,0,10
BRDA:80,5,1,10
BRDA:85,6,0,10
BRDA:85,6,1,10
BRDA:94,7,0,20
BRDA:94,7,1,0
BRDA:98,8,0,10
BRDA:98,8,1,10
BRF:18
BRH:15
end_of_record
TN:
SF:components/tradingview/tv-widget.tsx
FN:20,TvWidget
FN:23,(anonymous_2)
FN:52,(anonymous_3)
FNF:3
FNH:3
FNDA:3,TvWidget
FNDA:3,(anonymous_2)
FNDA:3,(anonymous_3)
DA:3,1
DA:20,3
DA:21,3
DA:23,3
DA:24,3
DA:25,3
DA:27,3
DA:31,3
DA:32,3
DA:33,3
DA:34,3
DA:35,3
DA:37,3
DA:38,3
DA:39,3
DA:40,3
DA:41,3
DA:50,3
DA:52,3
DA:53,3
LF:20
LH:20
BRDA:20,0,0,2
BRDA:25,1,0,0
BRDA:25,1,1,3
BRF:3
BRH:2
end_of_record
TN:
SF:lib/api-client.ts
FN:8,(anonymous_5)
FN:14,apiGet
FN:24,apiSend
FN:46,getWithFallback
FNF:4
FNH:4
FNDA:2,(anonymous_5)
FNDA:4,apiGet
FNDA:3,apiSend
FNDA:2,getWithFallback
DA:4,1
DA:6,2
DA:9,2
DA:10,2
DA:14,2
DA:15,4
DA:18,3
DA:19,1
DA:21,2
DA:24,3
DA:29,3
DA:37,3
DA:38,1
DA:40,2
DA:41,2
DA:46,2
DA:50,2
DA:51,2
DA:52,1
DA:54,1
LF:20
LH:20
BRDA:18,0,0,1
BRDA:18,0,1,2
BRDA:33,1,0,1
BRDA:33,1,1,2
BRDA:35,2,0,1
BRDA:35,2,1,2
BRDA:37,3,0,1
BRDA:37,3,1,2
BRDA:41,4,0,1
BRDA:41,4,1,1
BRF:10
BRH:10
end_of_record
TN:
SF:lib/format.ts
FN:1,formatCurrency
FN:10,formatPercent
FN:15,formatNumber
FN:20,formatDate
FN:32,formatDateShort
FNF:5
FNH:5
FNDA:25,formatCurrency
FNDA:21,formatPercent
FNDA:53,formatNumber
FNDA:47,formatDate
FNDA:3,formatDateShort
DA:1,25
DA:2,25
DA:3,22
DA:10,21
DA:11,21
DA:12,18
DA:15,53
DA:16,53
DA:17,50
DA:20,47
DA:21,47
DA:22,45
DA:23,45
DA:24,44
DA:32,3
DA:33,3
DA:34,2
DA:35,2
DA:36,1
LF:19
LH:19
BRDA:2,0,0,3
BRDA:2,0,1,22
BRDA:2,1,0,25
BRDA:2,1,1,23
BRDA:10,2,0,20
BRDA:11,3,0,3
BRDA:11,3,1,18
BRDA:11,4,0,21
BRDA:11,4,1,19
BRDA:15,5,0,52
BRDA:16,6,0,3
BRDA:16,6,1,50
BRDA:16,7,0,53
BRDA:16,7,1,51
BRDA:21,8,0,2
BRDA:21,8,1,45
BRDA:23,9,0,1
BRDA:23,9,1,44
BRDA:33,10,0,1
BRDA:33,10,1,2
BRDA:35,11,0,1
BRDA:35,11,1,1
BRF:22
BRH:22
end_of_record
TN:
SF:lib/mock-data.ts
FN:79,buildEquityCurve
FN:99,mockMetricsFor
FN:100,(anonymous_12)
FN:104,mockTradesFor
FN:112,(anonymous_14)
FN:223,(anonymous_15)
FNF:6
FNH:6
FNDA:8,buildEquityCurve
FNDA:2,mockMetricsFor
FNDA:5,(anonymous_12)
FNDA:3,mockTradesFor
FNDA:400,(anonymous_14)
FNDA:93,(anonymous_15)
DA:16,9
DA:80,8
DA:81,8
DA:82,8
DA:83,8
DA:84,248
DA:85,248
DA:94,8
DA:97,3
DA:99,2
DA:100,5
DA:101,2
DA:104,3
DA:105,3
DA:106,3
DA:107,3
DA:108,120
DA:109,120
DA:112,400
DA:122,3
DA:125,3
DA:178,3
DA:187,3
DA:203,3
DA:210,3
DA:223,93
LF:26
LH:26
BRDA:100,0,0,2
BRDA:100,0,1,1
BRDA:112,1,0,120
BRDA:112,1,1,80
BRDA:113,2,0,62
BRDA:113,2,1,58
BRF:6
BRH:6
end_of_record
TN:
SF:lib/queries.ts
FN:30,(anonymous_15)
FN:31,(anonymous_16)
FN:32,(anonymous_17)
FN:33,(anonymous_18)
FN:43,useStrategies
FN:46,(anonymous_20)
FN:51,useStrategy
FN:53,(anonymous_22)
FN:57,useTrades
FN:60,(anonymous_24)
FN:66,useMetrics
FN:69,(anonymous_26)
FN:76,useAlerts
FN:79,(anonymous_28)
FN:84,useEquityCurve
FN:87,(anonymous_30)
FN:93,useCapitalSummary
FN:96,(anonymous_32)
FN:101,useMarketRegime
FN:104,(anonymous_34)
FN:109,usePortfolioWeights
FN:112,(anonymous_36)
FN:117,usePortfolioMetrics
FN:120,(anonymous_38)
FN:126,useDeleteStrategy
FN:129,(anonymous_40)
FN:130,(anonymous_41)
FN:134,(anonymous_42)
FN:138,useUploadBacktest
FN:141,(anonymous_44)
FN:143,(anonymous_45)
FN:147,(anonymous_46)
FN:151,useSetWeight
FN:154,(anonymous_48)
FN:156,(anonymous_49)
FN:160,(anonymous_50)
FNF:36
FNH:16
FNDA:1,(anonymous_15)
FNDA:3,(anonymous_16)
FNDA:0,(anonymous_17)
FNDA:3,(anonymous_18)
FNDA:4,useStrategies
FNDA:2,(anonymous_20)
FNDA:2,useStrategy
FNDA:1,(anonymous_22)
FNDA:2,useTrades
FNDA:1,(anonymous_24)
FNDA:0,useMetrics
FNDA:0,(anonymous_26)
FNDA:2,useAlerts
FNDA:1,(anonymous_28)
FNDA:0,useEquityCurve
FNDA:0,(anonymous_30)
FNDA:0,useCapitalSummary
FNDA:0,(anonymous_32)
FNDA:2,useMarketRegime
FNDA:1,(anonymous_34)
FNDA:0,usePortfolioWeights
FNDA:0,(anonymous_36)
FNDA:0,usePortfolioMetrics
FNDA:0,(anonymous_38)
FNDA:2,useDeleteStrategy
FNDA:1,(anonymous_40)
FNDA:1,(anonymous_41)
FNDA:0,(anonymous_42)
FNDA:0,useUploadBacktest
FNDA:0,(anonymous_44)
FNDA:0,(anonymous_45)
FNDA:0,(anonymous_46)
FNDA:0,useSetWeight
FNDA:0,(anonymous_48)
FNDA:0,(anonymous_49)
FNDA:0,(anonymous_50)
DA:3,1
DA:4,1
DA:5,1
DA:16,1
DA:28,4
DA:30,1
DA:31,3
DA:32,0
DA:33,3
DA:41,1
DA:43,2
DA:44,4
DA:46,2
DA:51,2
DA:52,2
DA:53,2
DA:54,2
DA:57,2
DA:58,2
DA:60,1
DA:66,0
DA:67,0
DA:70,0
DA:76,2
DA:77,2
DA:79,1
DA:84,0
DA:85,0
DA:88,0
DA:93,0
DA:94,0
DA:96,0
DA:101,2
DA:102,2
DA:104,1
DA:109,0
DA:110,0
DA:112,0
DA:117,0
DA:118,0
DA:121,0
DA:126,2
DA:127,2
DA:128,2
DA:129,1
DA:131,1
DA:132,1
DA:134,0
DA:138,0
DA:139,0
DA:140,0
DA:142,0
DA:144,0
DA:145,0
DA:147,0
DA:151,0
DA:152,0
DA:153,0
DA:155,0
DA:157,0
DA:158,0
DA:160,0
LF:62
LH:31
BRDA:54,0,0,2
BRDA:54,0,1,1
BRDA:76,1,0,0
BRF:3
BRH:2
end_of_record
TN:
SF:lib/store.ts
FN:9,(anonymous_1)
FN:11,(anonymous_2)
FN:12,(anonymous_3)
FN:12,(anonymous_4)
FNF:4
FNH:4
FNDA:1,(anonymous_1)
FNDA:1,(anonymous_2)
FNDA:2,(anonymous_3)
FNDA:2,(anonymous_4)
DA:1,1
DA:9,10
DA:11,1
DA:12,2
LF:4
LH:4
BRF:0
BRH:0
end_of_record
TN:
SF:lib/utils.ts
FN:4,cn
FNF:1
FNH:1
FNDA:867,cn
DA:1,9
DA:2,9
DA:4,867
DA:5,867
LF:4
LH:4
BRF:0
BRH:0
end_of_record
TN:
SF:lib/i18n/config.ts
FN:14,isLocale
FNF:1
FNH:1
FNDA:8,isLocale
DA:1,2
DA:5,3
DA:7,4
DA:9,2
DA:14,8
DA:15,8
LF:6
LH:6
BRDA:15,0,0,8
BRDA:15,0,1,5
BRF:2
BRH:2
end_of_record
TN:
SF:lib/i18n/dictionaries.ts
FN:545,getDictionary
FNF:1
FNH:1
FNDA:3,getDictionary
DA:3,3
DA:274,2
DA:543,2
DA:545,3
DA:546,3
LF:5
LH:5
BRDA:546,0,0,3
BRDA:546,0,1,1
BRF:2
BRH:2
end_of_record
TN:
SF:lib/i18n/server.ts
FN:6,getLocale
FNF:1
FNH:1
FNDA:3,getLocale
DA:1,1
DA:2,1
DA:6,3
DA:7,3
DA:8,3
DA:9,3
LF:6
LH:6
BRDA:9,0,0,1
BRDA:9,0,1,2
BRF:2
BRH:2
end_of_record
TN:
SF:lib/server/backend.ts
FN:18,getBearerToken
FN:25,backendUrl
FNF:2
FNH:2
FNDA:3,getBearerToken
FNDA:2,backendUrl
DA:1,5
DA:2,5
DA:9,1
DA:10,5
DA:16,5
DA:18,3
DA:19,3
DA:20,3
DA:21,3
DA:22,2
DA:25,1
DA:26,2
DA:27,2
LF:13
LH:13
BRDA:10,0,0,5
BRDA:10,0,1,4
BRDA:21,1,0,1
BRDA:21,1,1,2
BRDA:22,2,0,2
BRDA:22,2,1,1
BRDA:25,3,0,1
BRDA:26,4,0,1
BRDA:26,4,1,1
BRF:9
BRH:9
end_of_record
